************************************
packet 1:  [
  [
    4,
    [ 6, [Array], [Array], [Array], [Array] ],
    9,
    [ [Array], [Array], 9, [Array] ]
  ],
  [],
  [ [ 1, 7, 7, [Array] ], 10 ],
  [ 4, [ 5, 4 ], 9, [] ]
]
packet 2:  [ [ 7 ], [ [ 7, [Array], [Array], 6, [Array] ], 1 ] ]
[]
************************************
packet 1:  [ [], [ 0 ], [ [] ] ]
packet 2:  [ [ 0 ], [ [ 4 ] ] ]
[]
************************************
packet 1:  [
  [],
  [ [ [Array] ], [ [] ], [], 1, 6 ],
  [ 0, 8, 10 ],
  [ 3, [], [ 0 ], 2 ]
]
packet 2:  [
  [
    [ 2, [Array], 9, [Array], 6 ],
    [ [Array], [Array], 9, 5 ],
    [ 3, 2, 4, 5, [Array] ],
    [ [Array], 5, [Array], 7 ],
    6
  ],
  [ 10, [ 3, 10, [Array], 5 ], 10, [], 0 ]
]
[]
************************************
packet 1:  [
  [ 1, 8 ],
  [ 9, [ 2, [], [Array], [Array], 5 ], 6, [ 9, 9, 10, 7 ] ],
  [ [ 8, [], [Array], 0, [Array] ], 0 ],
  [ [ [Array], 1, [Array], 1, [Array] ], 8 ]
]
packet 2:  [ [], [], [ 8 ] ]
[]
************************************
packet 1:  [
  [ [], [ [Array], [Array], [Array] ], [ [Array], 3, 0 ] ],
  [
    2,
    [ [Array], [Array], [Array], 3 ],
    [ [Array], 2, [Array] ],
    [ 3, [Array], [Array], 7, [] ]
  ],
  [ [ [Array], [Array], [Array] ], 8, 0 ],
  [ 3, [ 7, [Array], [Array], [Array] ] ],
  [
    [ [Array], 1, [Array], [Array] ],
    [ [Array], 7, 10 ],
    9,
    [ [], [Array], [Array] ],
    [ 5, [Array] ]
  ]
]
packet 2:  [
  [ 0, [], 2 ],
  [
    [ [Array], 4, [Array] ],
    [ 6, [Array], [Array], [Array], [Array] ]
  ],
  [ 0, 4, 9, [ [Array], 3, 6, 1 ], [ 3, [Array] ] ],
  [ 0 ],
  []
]
[
  [],
  [ [ 3, 4, 6, 8, 5 ], [ 6, 10 ], [ 5, 1, 10, 6 ] ],
  [ [ 10, 1, 5 ], 3, 0 ]
]
[ 0, [], 2 ]
[]
0
[ 5 ]
************************************
packet 1:  [
  [],
  [ [ [Array], [Array], 10, 4 ], [ [], [], [Array], 4, [Array] ] ],
  [ [ [], [Array] ], 2, [ 1, [Array], 5, [Array] ], 2, 8 ],
  [ 1, [ 6, [Array], [], 4, 7 ], [ [Array] ] ],
  [ 8, 8, [ 5, [Array] ] ]
]
packet 2:  [ [ 8, [] ], [ [] ] ]
[ 5 ]
************************************
packet 1:  [
  [
    [ [Array] ],
    [ [Array], [Array], 5 ],
    7,
    [ 1, [Array], [Array] ],
    9
  ],
  []
]
packet 2:  [
  [ [ 10, [Array] ], [] ],
  [ [], 7 ],
  [ 6, [], 7, [ [], 9, [Array] ], 1 ],
  [ [], [], [ [Array], [Array], 1, 0, [] ] ]
]
[
  [ [ 5, 5, 1, 3 ] ],
  [ [ 4, 8 ], [ 3, 10, 5 ], 5 ],
  7,
  [ 1, [ 2, 0, 1 ], [ 3, 2, 2 ] ],
  9
]
[ [ 10, [ 10 ] ], [] ]
[ 5 ]
************************************
packet 1:  [ 2, 3, 0, 2 ]
packet 2:  [ 2, 3, 0, 2, 5 ]
2
2
3
3
0
0
2
2
[ 5, 8 ]
************************************
packet 1:  [ [ [], 4, [ 6, 6, [], 1 ], 7 ], [ 1, 0, [ 10, 9, [], [Array] ] ], [] ]
packet 2:  [ [ [ 6, 0, 5 ] ], [ [] ], [] ]
[ [], 4, [ 6, 6, [], 1 ], 7 ]
[ [ 6, 0, 5 ] ]
[ 5, 8 ]
************************************
packet 1:  [ [ [ [Array], [Array] ], 2, 7 ], [ 10 ], [] ]
packet 2:  [ [ 8, 8, [ [Array], 8, [], 4, [] ] ], [ 10, 9 ], [ [ 10, 5, 0 ], 5 ] ]
[ [ [ 2, 9, 7 ], [ 5, 7, 9, 0 ] ], 2, 7 ]
[ 8, 8, [ [ 9, 2, 7 ], 8, [], 4, [] ] ]
[ [ 2, 9, 7 ], [ 5, 7, 9, 0 ] ]
8
[ 5, 8 ]
************************************
packet 1:  [
  [],
  [
    [ [Array], [Array], 0, [Array] ],
    [],
    [ [Array], 8, [Array], 5, 8 ]
  ],
  [
    4,
    8,
    [ 3, [Array], [Array], 6, [] ],
    [ [Array], [Array], [Array], [Array] ]
  ],
  [ [ 7, 10 ], 0, 4 ]
]
packet 2:  [
  [ [ 3, [] ], [ [Array] ], 7, 10, [ 3, 4, 0, 7, [Array] ] ],
  [],
  [ [ [Array], 9 ], 6, 10, 10 ],
  [ [ 1, [Array], 7, 5 ], [ 1, 1 ], 1 ],
  [ 1, 8, 8, [], [ [Array], [Array], 9, [] ] ]
]
[]
[ [ 3, [] ], [ [ 10, 2, 9, 8 ] ], 7, 10, [ 3, 4, 0, 7, [ 3, 6, 7 ] ] ]
[ 5, 8, 11 ]
************************************
packet 1:  [ [], [ 6, 1, 9, 8, 6 ], [ [ 8, [Array], [Array] ] ] ]
packet 2:  [
  [
    4,
    [ [], [Array], [Array], 5 ],
    3,
    [ [Array], 0, 5, [Array], 0 ],
    [ [Array], 10, 4, [] ]
  ],
  [],
  [
    4,
    [ [], [Array], [Array], 9, [Array] ],
    10,
    [ [], 2, [Array] ],
    [ 7, [Array], [Array], [], [Array] ]
  ]
]
[]
[
  4,
  [ [], [ 10, 6, 6, 3, 10 ], [ 2 ], 5 ],
  3,
  [ [ 8, 1, 7, 6, 8 ], 0, 5, [ 10 ], 0 ],
  [ [ 2, 4 ], 10, 4, [] ]
]
[ 5, 8, 11, 12 ]
************************************
packet 1:  [
  [ 8, 4, 7, [ 2, 8 ] ],
  [ 1, [ [Array], [Array] ], [], 5, [ 3, 0, 3, [Array] ] ],
  [ [ 7 ] ],
  [ 7, [], 6, [ [Array], 9, 8, [Array] ] ],
  [ 1, [ [Array], 6 ] ]
]
packet 2:  [
  [
    [ 2, [Array], 0 ],
    [ 1, [Array] ],
    [ [Array], 9, [Array], [Array] ],
    4,
    [ [Array], 2, [Array], [] ]
  ]
]
[ 5, 8, 11, 12 ]
************************************
packet 1:  [
  [ 9, [ 10 ] ],
  [ 0, 4, [ 0, 5, 4, [Array], 0 ], 8, [ 10, [], [Array], [Array] ] ],
  [ [ 9, 2, [], [] ] ],
  [ [ 0 ], 7 ],
  [ 10, [ [Array], 6, 1, 4 ], 4 ]
]
packet 2:  [
  [ [ 10, 0, 5, 6, 10 ], [ [Array], 4, [Array], [Array], 6 ], 9, 1, 7 ]
]
[ 5, 8, 11, 12 ]
************************************
packet 1:  [ [ [ 3, [], 9, [Array], 9 ], 1 ], [ [ 10, [Array], 5, [] ], 6, 4 ] ]
packet 2:  [ [ [ [Array], [Array], [Array], 6, 7 ], [ [Array], 6 ], 6 ] ]
[ 5, 8, 11, 12 ]
************************************
packet 1:  [ [], [ 1 ], [ [ [Array] ], [], 1 ] ]
packet 2:  [ [ [ [Array], [Array], [Array], [Array] ] ] ]
[ 5, 8, 11, 12 ]
************************************
packet 1:  [ [ 7, [ 7, 0, 8, [Array], 7 ], 4, [] ], [ 7, 0 ] ]
packet 2:  [
  [
    [],
    [ 0, [], 10, 4, [] ],
    [ [Array], [Array], [Array], 4, [Array] ]
  ],
  [ [ 7, 2, 5 ], [], 8 ],
  [ [ [Array], 2, 7 ], [ [Array], 5 ], 4, [ 2, 0, 6, 9, 3 ], 6 ],
  [ 0, [ [] ], [], [], 9 ]
]
[ 7, [ 7, 0, 8, [ 9, 9, 9, 6, 4 ], 7 ], 4, [] ]
[
  [],
  [ 0, [], 10, 4, [] ],
  [ [ 7, 10, 2, 10 ], [ 6, 0, 0, 8, 10 ], [ 6 ], 4, [ 0 ] ]
]
[ 5, 8, 11, 12 ]
************************************
packet 1:  [ [ 4, 9 ], [ 3, 9, 2, [ 6, 10, [], 10, [Array] ] ] ]
packet 2:  [
  [ [ [], 1, 5, [] ] ],
  [ [ [Array] ], [ 8, [Array], 2 ], 5 ],
  [ 0, 9 ],
  [ [ 1, [Array] ], 0, 3 ]
]
[ 4, 9 ]
[ [ [], 1, 5, [] ] ]
[ 5, 8, 11, 12 ]
************************************
packet 1:  [
  [ 6, 7, [ 10, [Array], [Array], 10, 9 ], [ [Array], 0, [Array] ] ],
  [ [ [Array], 9, 6 ], 9, 6 ],
  [ [ [], 0, 7 ], 4, 6 ],
  [ [ 8, 4, [Array], 6, 4 ], 5, 10 ]
]
packet 2:  [
  [ 10, [ [Array], 3 ], [] ],
  [ [ 0, [], [Array] ], [ 10, 7, [Array], [Array] ], 7, [ 9 ], 0 ],
  [],
  [ [ [Array], 8, 6, [Array], 1 ] ]
]
[
  6,
  7,
  [ 10, [ 0, 5, 3, 8 ], [ 1, 8, 6 ], 10, 9 ],
  [ [ 8 ], 0, [ 6, 7, 3 ] ]
]
[ 10, [ [ 7, 4, 6, 10, 1 ], 3 ], [] ]
[ 5, 8, 11, 12 ]
************************************
packet 1:  [
  [ 9, [ [Array], 1 ], 3, 10, 10 ],
  [ [ [], 3, 4, 1 ] ],
  [
    6,
    [ [Array], 4, [Array], 1, [Array] ],
    8,
    [],
    [ 8, [], [], [], [Array] ]
  ],
  []
]
packet 2:  [
  [
    [],
    [],
    [ 1, 5, 6, [Array], 4 ],
    [ 9, [Array], [Array], 6, [Array] ]
  ]
]
[ 5, 8, 11, 12 ]
************************************
packet 1:  [
  [ [ 7, 2, 7 ], [ 7, [Array], 4 ], 8, 0 ],
  [ [ [Array], [Array], 2, [Array] ], [ 3 ], 2, 5 ]
]
packet 2:  [
  [ 0, 2 ],
  [ [ 5, [Array], 5, 4, 2 ], [ [Array], 8, 2, [Array], [Array] ] ],
  [ [ [], 6, 7, [Array], 2 ], [ 4, [Array], [Array] ] ],
  []
]
[ [ 7, 2, 7 ], [ 7, [ 6, 8 ], 4 ], 8, 0 ]
[ 0, 2 ]
[ 5, 8, 11, 12 ]
************************************
packet 1:  [
  [ 8, 8, [], [] ],
  [ 10, [ [Array], [Array], [Array], 3 ], [ [], [Array] ] ],
  []
]
packet 2:  [ [ 9, [ 1, [] ], [ 9, [Array], 0, [Array] ], 5 ] ]
[ 5, 8, 11, 12 ]
************************************
packet 1:  [
  [ [ [Array], 3, [] ], 7, [ [Array], [Array], [], [Array] ], 3 ],
  [
    [ 10, 5, [Array], [Array], [Array] ],
    [ [Array], [Array], 3, 0 ],
    2,
    [ [Array] ],
    7
  ],
  [ [], [ [Array], [Array], [Array], [Array], 2 ], 5, 4 ],
  [ [], 1, 7, 1 ]
]
packet 2:  [
  [ 5, [ [Array], 0, [Array], 6, 6 ] ],
  [ [ 8 ] ],
  [ [ 2, 1, 3 ], [ 6, 8, [Array], 5, 10 ], 10, 9 ],
  [
    7,
    [ [Array] ],
    [ [Array], 6, 1, [Array], 8 ],
    [ [Array], 5, 2, 4, 2 ]
  ],
  [ 6, [ 6, 8, [Array], 3, [Array] ], [ 1 ] ]
]
[
  [ [ 3 ], 3, [] ],
  7,
  [ [ 0, 4, 4 ], [ 10, 8, 3, 4 ], [], [ 4, 6, 8, 5, 6 ] ],
  3
]
[ 5, [ [ 1, 7, 9, 5, 5 ], 0, [ 6 ], 6, 6 ] ]
[ 5, 8, 11, 12 ]
************************************
packet 1:  [ [ 9 ] ]
packet 2:  [ [ 7, 10, [ [Array] ], [ 7, [Array] ] ], [ 3 ], [ [ 0 ], 7 ] ]
[ 9 ]
[ 7, 10, [ [ 5, 3, 8, 8, 9 ] ], [ 7, [ 3, 1, 2 ] ] ]
9
7
[ 5, 8, 11, 12 ]
************************************
packet 1:  [
  [],
  [ [ [Array], [Array], 10, [Array] ], 10 ],
  [ 1, [ [Array], 4, 8 ], [ 1, [Array] ], [ 10 ], [] ],
  [ 4 ],
  [ 3, 2, [ [Array] ], 10 ]
]
packet 2:  [ [ 5 ] ]
[ 5, 8, 11, 12 ]
************************************
packet 1:  [ [ 7, 3, [ [Array], 9, [Array] ], 3 ], [ 9, [], 2, [ 8 ] ], [] ]
packet 2:  [
  [ 9, [ [Array], 5, [Array], 0 ] ],
  [],
  [ [ [Array], [Array], 0, [] ] ],
  [
    [ 8, 0, 6, [Array], [] ],
    [ 9, 1, [Array], 1 ],
    [ [Array], [Array], [Array], 2 ],
    8
  ]
]
[ 7, 3, [ [ 6, 9, 2, 9 ], 9, [ 9, 10 ] ], 3 ]
[ 9, [ [ 2 ], 5, [ 9 ], 0 ] ]
[ 5, 8, 11, 12 ]
************************************
packet 1:  [ [], [ 6, [ 4 ] ] ]
packet 2:  [ [ 6 ], [ [], [ 9, [Array] ], [ 2, 8, 1, 0 ], 8 ] ]
[]
[ 6 ]
[ 5, 8, 11, 12, 27 ]
************************************
packet 1:  [ [ 10 ], [ 6 ] ]
packet 2:  [
  [ 4, 10, [ [Array], 8, [Array], [Array] ] ],
  [ [ 5, 5, [Array], 6 ], 3 ],
  [ [], 10, 5, 9 ],
  [ 5, 10 ]
]
[ 10 ]
[ 4, 10, [ [ 4, 2, 2, 1, 9 ], 8, [ 6, 3, 0 ], [ 3, 4, 6, 7 ] ] ]
10
4
[ 5, 8, 11, 12, 27 ]
************************************
packet 1:  [
  [],
  [ [ [Array], [Array], [Array], 1 ] ],
  [],
  [ [ 5, 5, 5, [Array] ], 8 ],
  [ [ 3, 1, [Array], 9, [Array] ], 7, 8, [ [Array], 10 ] ]
]
packet 2:  [
  [ [ [] ], [ [Array], [], [Array] ] ],
  [],
  [ 1, 8, [ 7, 6 ], [] ],
  [
    [],
    [ [Array], 5, [Array], [Array] ],
    [ [Array], 2, [Array], [Array], 4 ],
    7,
    7
  ],
  [ 3, [ [Array], 6, [Array], 0, 3 ] ]
]
[]
[ [ [] ], [ [ 0 ], [], [ 3, 4, 10 ] ] ]
[ 5, 8, 11, 12, 27, 29 ]
************************************
packet 1:  [
  [ [ 8, 4, 3, [Array] ], 3, 2 ],
  [
    [ [Array], 7 ],
    [ [Array], 10, 7, [Array] ],
    [ [Array], 6 ],
    [],
    [ [Array], [Array], [], [Array], [Array] ]
  ]
]
packet 2:  [
  [ [ 5, 5, 2, [Array] ], [ 10 ], 1, 0 ],
  [ 9, 4 ],
  [],
  [ 1, [ 8, 9 ], 2 ],
  [ 4, 6, [ [Array], 4, [Array] ], 9, [ 2, 6 ] ]
]
[ [ 8, 4, 3, [ 1, 8, 1 ] ], 3, 2 ]
[ [ 5, 5, 2, [ 5, 10, 6 ] ], [ 10 ], 1, 0 ]
[ 8, 4, 3, [ 1, 8, 1 ] ]
[ 5, 5, 2, [ 5, 10, 6 ] ]
8
5
[ 5, 8, 11, 12, 27, 29 ]
************************************
packet 1:  [
  [ [ [Array], [], 0, 3, [Array] ], [ [Array] ] ],
  [ 9, 10, 6, [ 2, 10, [Array], [] ] ],
  []
]
packet 2:  [ [], [ 4, [ 2, 4, [] ] ] ]
[ 5, 8, 11, 12, 27, 29 ]
************************************
packet 1:  [
  [ [], [], 9, [ 7, 9, 0, [Array], 1 ], 5 ],
  [],
  [ [ 9, 10, 6 ], [ 0 ] ]
]
packet 2:  []
[ 5, 8, 11, 12, 27, 29 ]
************************************
packet 1:  [ [], [ 2, 3, 6, [] ], [] ]
packet 2:  [ [ 7, 9, 7 ], [ 1 ] ]
[ 5, 8, 11, 12, 27, 29 ]
************************************
packet 1:  [
  [ [ 1, [Array], 1, [Array] ], [ 6, 0, 8, 2, 2 ], 1, [ [Array] ] ],
  [ 6, 10, 10 ]
]
packet 2:  [
  [ [ 0, 4 ], 7, 5, 3, [ [Array], 3, [Array], [Array], 7 ] ],
  [ 8 ],
  [ 6, [ [Array], [Array], 5 ], 8 ]
]
[
  [ 1, [ 6, 4, 2, 7 ], 1, [ 6, 0, 1, 1, 3 ] ],
  [ 6, 0, 8, 2, 2 ],
  1,
  [ [ 6, 6, 7, 4, 4 ] ]
]
[
  [ 0, 4 ],
  7,
  5,
  3,
  [ [ 1, 0, 9, 4, 10 ], 3, [ 2, 10, 3 ], [ 4, 7 ], 7 ]
]
[ 1, [ 6, 4, 2, 7 ], 1, [ 6, 0, 1, 1, 3 ] ]
[ 0, 4 ]
[ 5, 8, 11, 12, 27, 29 ]
************************************
packet 1:  [ [ 8 ], [ 8, [ [Array], [Array], [Array] ], 10, 0, 6 ], [ 1 ] ]
packet 2:  [
  [ [ 0, 7, 1, [Array], 1 ], [ [Array], 1 ], 4, 4 ],
  [
    [],
    0,
    2,
    [ [Array], 4, 8, [Array], 5 ],
    [ [Array], [Array], [Array], 2, [Array] ]
  ],
  [ 1, [ [Array] ], 9, [ 9, 1, [Array] ] ],
  [],
  []
]
[ 8 ]
[ [ 0, 7, 1, [ 2 ], 1 ], [ [ 10, 10 ], 1 ], 4, 4 ]
8
[ 0, 7, 1, [ 2 ], 1 ]
8
0
[ 5, 8, 11, 12, 27, 29 ]
************************************
packet 1:  [
  [],
  [],
  [ [ [Array], 0, 1 ] ],
  [],
  [ [ 1, 3, 10, 7, 10 ], 4, [ 8 ] ]
]
packet 2:  [
  [ [], 5, 4 ],
  [ [ [Array], [Array], [Array] ], [ [Array], 4 ], [ 4, 0, [Array] ] ],
  [ 5, 1 ],
  [ 8 ]
]
[ 5, 8, 11, 12, 27, 29 ]
************************************
packet 1:  [
  [ [], [ 7, [Array], [Array] ], 7, 5 ],
  [ [ 10 ], 6, [ [Array], 3 ], 8 ],
  [ 2, [ 1 ] ],
  [ [ [Array] ], 10, 10 ]
]
packet 2:  [ [ 1 ], [] ]
[ 5, 8, 11, 12, 27, 29 ]
************************************
packet 1:  [
  [],
  [ 7 ],
  [ [ [Array], 10, [Array] ], [ [], [Array] ] ],
  [ 2, 10, [ 6, 8, [Array] ], [], [ [Array], 7, 10, 5 ] ]
]
packet 2:  [
  [ [ [Array], 0, [Array], 8 ] ],
  [ 3, [ [Array] ], [ 9, 1 ] ],
  [ [ 9 ], [ [Array], [Array], 1 ], 7, [ [Array] ], 9 ],
  [ [ 4 ], 9, 10, 2, [ [Array] ] ]
]
[]
[ [ [ 4 ], 0, [ 2, 4 ], 8 ] ]
[
   5,  8, 11, 12,
  27, 29, 38
]
************************************
packet 1:  [
  [],
  [ 0, 10 ],
  [ [ 10, [Array], 5, 7, [Array] ] ],
  [ [ [Array], 8, 8, 6, 10 ], [], 8 ],
  [ 9, [ [Array], 7 ], 3, 10, 8 ]
]
packet 2:  [
  [ [ 6, 6, 8, [Array], 4 ] ],
  [],
  [ 8, 2, [ 9, [Array], [Array], [Array], [] ] ],
  []
]
[
   5,  8, 11, 12,
  27, 29, 38
]
************************************
packet 1:  [
  [
    [ 3, 9 ],
    0,
    [ [Array], [Array], 2 ],
    [ [], 7, [], [Array], [Array] ]
  ],
  [ 5, 0, 0, [ 0, 5 ], [ 9, [Array], 6, 5 ] ],
  [ 2, 0 ]
]
packet 2:  [ [ [ 6 ], 4 ] ]
[
   5,  8, 11, 12,
  27, 29, 38
]
************************************
packet 1:  [
  [],
  [ [ 7, 2, 3 ], [ [], 3, 3, [Array] ], 10 ],
  [ [ 9, 3 ], 1, 6, [], [] ]
]
packet 2:  [
  [ 6 ],
  [ 7, 1, [ [], 3, 4, [Array], 3 ], [ 4 ] ],
  [ 7 ],
  [ [ [Array], 3, 10 ] ]
]
[]
[ 6 ]
[
   5,  8, 11, 12,
  27, 29, 38, 41
]
************************************
packet 1:  [
  [ 7, [ 2 ] ],
  [ 1, 3, [ 1, 5, [Array] ], 6 ],
  [
    7,
    [ [Array], 8, 1, [Array], [Array] ],
    [ 1, 2, 4, [Array] ],
    5,
    []
  ]
]
packet 2:  [ [ 0, [ 10, 4, 2, 7 ], 3 ], [ 3, [], [ 0, 10, 10 ] ] ]
[
   5,  8, 11, 12,
  27, 29, 38, 41
]
************************************
packet 1:  [ [ 9 ], [ 0 ] ]
packet 2:  [ [ 1, 4, 5, [ [Array], 2, 1, 10, [] ] ], [ 2, 10, 6, 0 ], [] ]
[ 9 ]
[ 1, 4, 5, [ [ 2, 4, 2, 8 ], 2, 1, 10, [] ] ]
9
1
[
   5,  8, 11, 12,
  27, 29, 38, 41
]
************************************
packet 1:  [
  [
    [ [Array], [Array], [Array], [Array] ],
    [ [Array], 1, [Array], 3, 2 ],
    9,
    [ [Array], [Array], 0, [] ],
    [ 0, 5, 9, 5, 7 ]
  ],
  [ [], 7, 2, 9 ],
  [ [], 2, 2, 4 ],
  [ [ 10, 8 ], 0, 10 ],
  []
]
packet 2:  [
  [ 0, 0, [ [Array], 0, 9, 7, 2 ] ],
  [
    [ [Array], [], 3, 5, [Array] ],
    [ 8, [Array], [Array], 3 ],
    [ 1, 2 ],
    [ 3 ]
  ],
  [],
  [ 2 ]
]
[
   5,  8, 11, 12,
  27, 29, 38, 41
]
************************************
packet 1:  [ [ 8, 8, [ 4, 2, 0 ] ] ]
packet 2:  [
  [],
  [
    [ [Array], [Array], [Array], 9, [Array] ],
    7,
    [ [Array], [Array], 1, [Array], 6 ],
    [ [Array], 9, 9, [] ]
  ]
]
[ 8, 8, [ 4, 2, 0 ] ]
[]
[
   5,  8, 11, 12,
  27, 29, 38, 41
]
************************************
packet 1:  [
  [ 8 ],
  [ 4, [ 6 ], [ [Array], [Array], [Array], [Array], [Array] ] ]
]
packet 2:  [ [ 10 ], [ 2, [ [Array], [Array], 1 ], [ 0, [Array], 4 ] ] ]
[ 8 ]
[ 10 ]
8
10
[
   5,  8, 11, 12, 27,
  29, 38, 41, 46
]
************************************
packet 1:  [ [ 7 ] ]
packet 2:  [ [ 1 ], [ [ [Array], [Array], 6 ], 2, 8 ], [ 10, 9, 0, [], 1 ] ]
[ 7 ]
[ 1 ]
7
1
[
   5,  8, 11, 12, 27,
  29, 38, 41, 46
]
************************************
packet 1:  [ [ [ 10 ], [], 7, 10 ], [ 2 ], [ 8 ] ]
packet 2:  [
  [ 7 ],
  [ [ [Array] ], 3, 10, 2 ],
  [ [ 6 ] ],
  [ [ 2, [Array], 5, 8, 2 ] ]
]
[ [ 10 ], [], 7, 10 ]
[ 7 ]
[
   5,  8, 11, 12, 27,
  29, 38, 41, 46
]
************************************
packet 1:  [
  [ [ 2, 3, [Array] ] ],
  [ [ 4, 7, [Array] ], 10 ],
  [ [ 1, [Array] ] ],
  [ [ [Array], 1, 6, 2 ] ],
  [ 4, 6, [ [Array], 10, [], 5, 7 ] ]
]
packet 2:  [ [], [ 5, 1, 3 ], [ 9 ], [ 1 ] ]
[
   5,  8, 11, 12, 27,
  29, 38, 41, 46
]
************************************
packet 1:  [
  [ [ 2, [Array], 3 ], [], [ [Array], [], 7, 0 ] ],
  [],
  [ [ 6, 3, 0 ] ],
  [ [ 1 ], [ [Array], [], 8, [Array] ], [ 3, [Array], 8 ], 9 ]
]
packet 2:  [ [ 10, 9, 4 ], [ [ [Array] ], [ [], 1, 7, 8, 4 ] ] ]
[
   5,  8, 11, 12, 27,
  29, 38, 41, 46
]
************************************
packet 1:  [
  [ 0, 3 ],
  [ 0, [ [Array], 4, 8, 8 ], [], 10 ],
  [ [ [Array], [Array], 5 ], 7, [] ]
]
packet 2:  [
  [ 6, 5, 10, 0, [ 4, [Array], [Array], 8 ] ],
  [],
  [ [ 7, 9, 7, [Array], [] ], 0 ]
]
[ 0, 3 ]
[ 6, 5, 10, 0, [ 4, [ 5, 4, 7, 2, 8 ], [ 8, 3 ], 8 ] ]
0
6
3
5
[
   5,  8, 11, 12, 27,
  29, 38, 41, 46, 51
]
************************************
packet 1:  [
  [
    [ [Array], [], [Array] ],
    [ [Array], 2, 9, 0 ],
    10,
    [ 9, [Array] ],
    9
  ],
  [ 3, 1, [ [Array] ], 1 ],
  [ [ 8, 10, 10 ], 8, [], [ [], 8 ] ],
  [ 1, 5, [ [Array], 4, 3, [Array], [Array] ], [] ],
  [ 1, 2, [ [Array], [Array] ] ]
]
packet 2:  [
  [ [ [Array], 10, 1, 5 ], 8 ],
  [
    [ [Array], 5, [Array], [Array] ],
    [ 7, [] ],
    [ 0, [Array], 2, [Array], [Array] ]
  ],
  [ 10, [ [Array], 3 ], 6 ],
  [ 9 ]
]
[
   5,  8, 11, 12, 27,
  29, 38, 41, 46, 51
]
************************************
packet 1:  [
  [ [ 3, 4, [] ], 3, [ [Array], 7, [Array], 4 ] ],
  [],
  [ 8, 4, 7, 8 ],
  [ 9 ]
]
packet 2:  [
  [ [ 6, [Array] ], 4, [ [Array], [Array] ] ],
  [ 6, [ 8, 4, [Array], 0 ], 7 ]
]
[
   5,  8, 11, 12, 27,
  29, 38, 41, 46, 51
]
************************************
packet 1:  [ [ 4 ], [ 6, 8, 0, [ 2, 2 ] ] ]
packet 2:  [ [], [ 3, 9 ], [ 0 ] ]
[ 4 ]
[]
[
   5,  8, 11, 12, 27,
  29, 38, 41, 46, 51
]
************************************
packet 1:  [
  [ [], 9, 10, [ 7, [Array], 4 ] ],
  [ [ 6, [Array] ], 2, [], 7 ],
  [
    [ [Array], [Array], [Array], [Array] ],
    [ [Array], [Array], [], [Array] ],
    [ 6, 8, 1, [Array] ]
  ]
]
packet 2:  [ [ [ [Array], 8, 4 ], 3, 5, 3 ] ]
[
   5,  8, 11, 12, 27,
  29, 38, 41, 46, 51
]
************************************
packet 1:  [
  [ [ [], [], 5, 0, 9 ] ],
  [ 4, 5, [ [Array], [Array], [Array] ], 2 ],
  [ 9 ],
  [ [ 0, [Array] ], 5, [ [], [Array], 1 ], 0 ]
]
packet 2:  [ [ [ [Array], 2, [Array], 3, 9 ], 1, 7, [ 6, 4 ], 0 ] ]
[
   5,  8, 11, 12, 27,
  29, 38, 41, 46, 51
]
************************************
packet 1:  [
  [],
  [ 1, 8, [ 8, [Array] ] ],
  [ [ 0, 3, 7, 6 ], 10, [ 5, [Array], 1, [], [] ], [ 0 ] ],
  [ 10, [ 5, 10, 9, [] ], 6, [ 7, [Array], 5, [Array], [Array] ] ],
  [ [], 8, 7 ]
]
packet 2:  [ [ [], [ [Array] ], [ [Array], 1, 4, 9 ] ] ]
[
   5,  8, 11, 12, 27,
  29, 38, 41, 46, 51
]
************************************
packet 1:  [
  [ 10 ],
  [ 6, [ [Array] ], 2, 4, [ 8, [] ] ],
  [ 6, 10, 4 ],
  [],
  [ 9, [ 4, [Array], 5 ] ]
]
packet 2:  [
  [ [ 5, [Array], 6 ], 2 ],
  [ 4, 1, [ [Array], 1, [Array], [Array] ], 2 ]
]
[
   5,  8, 11, 12, 27,
  29, 38, 41, 46, 51
]
************************************
packet 1:  [ [ 9, [ [Array], 4, [Array], [Array], [] ], 0, 7 ] ]
packet 2:  [
  [
    [ 9, 2 ],
    3,
    [ [Array], [Array], 0, 7 ],
    [ [Array], [Array], 8, [Array], [Array] ]
  ]
]
[ 9, [ [ 9, 8, 2, 1, 3 ], 4, [ 7 ], [ 2, 6, 6, 0, 2 ], [] ], 0, 7 ]
[
  [ 9, 2 ],
  3,
  [ [ 5, 5, 8, 9, 8 ], [ 0 ], 0, 7 ],
  [ [ 2, 9, 8, 9 ], [ 9, 3, 8 ], 8, [ 6, 0, 3 ], [ 7, 2 ] ]
]
9
[ 9, 2 ]
9
9
[
   5,  8, 11, 12, 27,
  29, 38, 41, 46, 51,
  59
]
************************************
packet 1:  [
  [ [ 5 ], [ 2, 4, 3, 2, [] ] ],
  [ 1, 8, 2 ],
  [ 1, 6, [ [] ], [ [Array], 9, [Array] ] ],
  [],
  [ [ 4, [Array] ], [ [Array], 9, [Array], 0 ], 0, 0 ]
]
packet 2:  [ [], [ [ [Array], 0, [Array], 2 ], [ [Array] ] ], [ 10, [], 0 ] ]
[
   5,  8, 11, 12, 27,
  29, 38, 41, 46, 51,
  59
]
************************************
packet 1:  [
  [ [ [Array], [Array], 3, [Array] ], 3, 8, [ [Array] ], [] ],
  [ [ 3, 2, [Array], [Array], [Array] ] ]
]
packet 2:  [ [], [ [ 0, [] ], 5 ] ]
[ [ [ 10, 9, 9 ], [ 2, 5, 6 ], 3, [ 0, 8 ] ], 3, 8, [ [ 0, 8 ] ], [] ]
[]
[
   5,  8, 11, 12, 27,
  29, 38, 41, 46, 51,
  59
]
************************************
packet 1:  [ [ [ 3, 6 ], 4 ], [ [ 0, [], 7, 8 ], 4, 5, [ [Array] ] ], [ 3 ] ]
packet 2:  [ [], [ 5, [ [] ], 3 ] ]
[
   5,  8, 11, 12, 27,
  29, 38, 41, 46, 51,
  59
]
************************************
packet 1:  [ [ [] ], [ [ [Array] ], [] ], [ [ 1, 2, 7, 10, [Array] ], 6, [] ] ]
packet 2:  [
  [ 10, 7, 8 ],
  [ [ 2, [Array], [Array], 0 ], 2, [], 7, [] ],
  [ 1, [], [ [Array] ], [ [Array], 3, 6, 4, [Array] ], 0 ]
]
[ [] ]
[ 10, 7, 8 ]
[]
10
[
   5,  8, 11, 12, 27,
  29, 38, 41, 46, 51,
  59, 63
]
************************************
packet 1:  [
  [ 1 ],
  [ [ 6, 4 ], 1, [ [Array], [] ], [], 7 ],
  [ [ [], 5, 7 ], [ [] ], [ [], [Array] ] ],
  [],
  []
]
packet 2:  [
  [ 7, 7, [ 9, 6, [Array], 0, [Array] ], [ 7 ] ],
  [ [ 0, 4 ], [ 4, [Array] ] ]
]
[
   5,  8, 11, 12, 27,
  29, 38, 41, 46, 51,
  59, 63
]
************************************
packet 1:  [
  [ 4, [ 4, [Array], [Array], 8 ], [ [Array], 6 ] ],
  [
    2,
    8,
    [ 4, 10, 1 ],
    [ 9, 1, [Array], [Array], 1 ],
    [ 5, [Array], 8, [Array] ]
  ]
]
packet 2:  [
  [],
  [ 7, [ [Array] ], [ 1, [Array], 1 ], [ [], [], [Array], 8 ] ],
  [ 10, [ 7, 3, [Array], 2 ], [ 8, [Array], [Array] ], 2, 5 ],
  [ [ [Array], 10 ], 2, 5 ],
  [ [], [ 8, [Array] ], [ [], 2 ], [ [Array] ] ]
]
[ 4, [ 4, [ 10, 8, 9, 9 ], [ 7 ], 8 ], [ [ 7, 7, 5 ], 6 ] ]
[]
[
   5,  8, 11, 12, 27,
  29, 38, 41, 46, 51,
  59, 63
]
************************************
packet 1:  [
  [ [ [Array], 5, 7 ], 1 ],
  [ 7 ],
  [ [ 10 ], 0 ],
  [ 6, [ 4, [Array], [Array] ], 5, 6 ],
  [ 3 ]
]
packet 2:  [
  [ 6, [], [ 7, 7, [Array] ], [ [Array], [Array], 7, 1, [] ] ],
  [ [] ],
  [ 5, 7 ],
  [ [ 7 ] ],
  [ [ 9, [], [Array] ], [ 7 ], [ 3, 4, 6, 1, 2 ], 3 ]
]
[ [ [ 3, 2 ], 5, 7 ], 1 ]
[
  6,
  [],
  [ 7, 7, [ 6, 2 ] ],
  [ [ 6, 5, 8, 10 ], [ 7, 0, 6, 9 ], 7, 1, [] ]
]
[ [ 3, 2 ], 5, 7 ]
6
[
   5,  8, 11, 12, 27,
  29, 38, 41, 46, 51,
  59, 63
]
************************************
packet 1:  [
  [ [ [Array], 5, 9, 4 ], 5, 8, [ [Array], [Array], 9 ], [] ],
  [ 1, [ [Array], [Array], 9 ], 3 ]
]
packet 2:  [
  [ 6, 6, [ [Array], 7, 8 ], 2, [ 5, [Array], 3 ] ],
  [],
  [ [ 9, 5, 10 ] ],
  [],
  []
]
[
  [ [ 2, 6, 4 ], 5, 9, 4 ],
  5,
  8,
  [ [ 4, 1, 5 ], [ 1, 6, 3, 2 ], 9 ],
  []
]
[ 6, 6, [ [ 10, 4, 7, 0, 5 ], 7, 8 ], 2, [ 5, [ 1, 5 ], 3 ] ]
[ [ 2, 6, 4 ], 5, 9, 4 ]
6
[
   5,  8, 11, 12, 27,
  29, 38, 41, 46, 51,
  59, 63
]
************************************
packet 1:  [ [ 6, [ 3, 6, 9, 8, 3 ] ] ]
packet 2:  [
  [],
  [ [ [Array], 4, [Array], 4, 3 ], [ [Array], [Array], 1 ] ],
  [
    [ [Array], 6, [Array], 2, 9 ],
    7,
    [ [Array], [Array], [Array], [Array], [Array] ],
    10,
    [ 1, 5, [Array] ]
  ],
  [ 7, [ [Array], 2, 9, [Array], 9 ] ],
  [ 6 ]
]
[ 6, [ 3, 6, 9, 8, 3 ] ]
[]
[
   5,  8, 11, 12, 27,
  29, 38, 41, 46, 51,
  59, 63
]
************************************
packet 1:  [
  [ 1, 10 ],
  [],
  [ [], [ 4, 4, [Array] ] ],
  [ [ 5 ], [ [Array] ], 10, 9, 5 ],
  [ [ 6, [], 5, [Array] ], 5 ]
]
packet 2:  [ [ [ [Array], 9, 10 ], [ 2, 7, 9 ] ] ]
[
   5,  8, 11, 12, 27,
  29, 38, 41, 46, 51,
  59, 63
]
************************************
packet 1:  [
  [ 0 ],
  [ [ 0 ], 10 ],
  [ [ 8, [Array], 2, [], 4 ], 6, [ [Array], 1, [Array], 4, 2 ] ],
  [ [ [Array], [Array], [Array] ] ]
]
packet 2:  [ [], [ 9 ], [ [ [Array], 1, 0, [Array], 0 ] ] ]
[
   5,  8, 11, 12, 27,
  29, 38, 41, 46, 51,
  59, 63
]
************************************
packet 1:  [
  [ [ [Array], 0 ], 1 ],
  [ [ 0, 6, [Array] ], 4 ],
  [ [ 0, 6 ], [ 6, [] ], 2 ],
  [
    [ 2, [Array] ],
    [ 10 ],
    0,
    [ [Array], 6, [Array] ],
    [ 0, [Array], [Array], 7 ]
  ],
  [ [ [Array] ], 9, [ 6 ] ]
]
packet 2:  [ [ [ 9, 9 ] ] ]
[
   5,  8, 11, 12, 27,
  29, 38, 41, 46, 51,
  59, 63
]
************************************
packet 1:  [ [ 2, 10 ], [ 10, [] ], [], [ [ 3, [Array], [Array], [] ], [] ] ]
packet 2:  [
  [ 6, [ [], 3, 2 ] ],
  [
    [ [], 5, [Array], 9, 10 ],
    9,
    [ [Array], [Array], 7 ],
    [ 5, 6 ],
    [ [Array], [Array] ]
  ],
  [ [ [Array], 5, [Array] ], 4 ],
  [ 6, 6, [ 6, [] ], [] ]
]
[ 2, 10 ]
[ 6, [ [], 3, 2 ] ]
2
6
10
[ [], 3, 2 ]
10
[]
[
   5,  8, 11, 12, 27,
  29, 38, 41, 46, 51,
  59, 63
]
************************************
packet 1:  [ [ 3, [ 3 ], 2, 2, [ [Array], 8, [Array] ] ] ]
packet 2:  [ [ 0, [ 10, [Array] ] ], [ 2, 8, 10 ], [] ]
[ 3, [ 3 ], 2, 2, [ [ 2 ], 8, [ 4, 6, 0 ] ] ]
[ 0, [ 10, [ 7, 3 ] ] ]
[
   5,  8, 11, 12, 27,
  29, 38, 41, 46, 51,
  59, 63
]
************************************
packet 1:  [ [ 3, 1, [ 6 ], [ [Array], 2 ], 4 ] ]
packet 2:  [
  [ [ 5, 0, [Array], [Array], 7 ], 9 ],
  [ 8, 10, [], [ 8 ] ],
  [ [ [Array], 0, [], [] ], 1, 1, [ 2 ] ],
  [ [ 4, 10, 3, 0 ], 8, 8, 5 ],
  []
]
[ 3, 1, [ 6 ], [ [ 4, 7, 2 ], 2 ], 4 ]
[ [ 5, 0, [ 5, 5, 6, 6, 0 ], [ 5, 6 ], 7 ], 9 ]
[
   5,  8, 11, 12, 27,
  29, 38, 41, 46, 51,
  59, 63
]
************************************
packet 1:  [
  [ [ [], 10 ], 1, [ 7, 9, [Array], [] ], 8, 10 ],
  [ 4, 9, [ [Array] ] ],
  []
]
packet 2:  [
  [ 9, [ 9, 5 ], [ [Array], [Array], [Array] ], 6 ],
  [ [ 9 ], [ [Array], [Array], [Array], [Array] ] ],
  [ [ 8, [Array], 1, 8, 1 ], 10, [] ],
  [ [], [], 6, 9, 8 ],
  [ [ 4, [Array], [Array] ], [ 3, 10, 9, 6, [Array] ] ]
]
[ [ [], 10 ], 1, [ 7, 9, [ 10 ], [] ], 8, 10 ]
[ 9, [ 9, 5 ], [ [ 4, 4, 8, 9, 2 ], [ 2 ], [ 2, 4, 3 ] ], 6 ]
[
   5,  8, 11, 12, 27,
  29, 38, 41, 46, 51,
  59, 63
]
************************************
packet 1:  [
  [ [] ],
  [ [ [Array], [Array], [Array], 4 ], 6, 5, [ 7, [Array] ], 6 ]
]
packet 2:  [
  [ 1 ],
  [ [ 6, [], [], [Array], 0 ], [ [Array], [Array], [Array] ] ],
  []
]
[ [] ]
[ 1 ]
[]
1
[
   5,  8, 11, 12, 27, 29,
  38, 41, 46, 51, 59, 63,
  76
]
************************************
packet 1:  [ [], [ [ [Array], [Array], [Array], 10 ], 4 ] ]
packet 2:  [
  [
    [ [Array], [Array] ],
    [ [Array], 3, 8, 2, [Array] ],
    [ [], [Array], 0, 10 ]
  ],
  [
    8,
    [ [Array], 3, 7 ],
    [ 0, [Array] ],
    [ 7, 4 ],
    [ 8, 9, 5, [Array], 0 ]
  ],
  [ [ [Array], [Array], 5 ] ]
]
[]
[
  [ [ 7 ], [ 4, 4, 7, 5, 3 ] ],
  [ [ 2 ], 3, 8, 2, [ 9, 8, 7 ] ],
  [ [], [ 7, 7, 0, 2, 6 ], 0, 10 ]
]
[
   5,  8, 11, 12, 27, 29,
  38, 41, 46, 51, 59, 63,
  76, 77
]
************************************
packet 1:  [ [] ]
packet 2:  [
  [ 9, 1 ],
  [ 1 ],
  [],
  [ [], 7, [ [Array], [Array], [Array], 7, [] ] ],
  [ [ [Array], [Array], [], [Array] ], 8 ]
]
[]
[ 9, 1 ]
[
   5,  8, 11, 12, 27, 29,
  38, 41, 46, 51, 59, 63,
  76, 77, 78
]
************************************
packet 1:  [
  [ 4, [ [Array], 0 ], 6, [ 7, 3 ] ],
  [ [], [ [Array] ], [ 2, [], 0 ], [ 9, [Array], [Array], [Array] ] ]
]
packet 2:  [
  [
    5,
    [ 3, 1, 1, 7 ],
    [ [Array], 10, 5, [] ],
    [ 3, 9, [Array], [Array], 5 ]
  ],
  [ [], 0, [ [Array], [Array], 4 ] ],
  [ [ 5, 10, 0, [Array], 10 ], 10 ],
  [
    [ [Array], 6, 10, [Array] ],
    [ 9 ],
    [ [Array], [Array], 1, 0, [Array] ]
  ],
  []
]
[ 4, [ [ 5, 1, 3, 4, 9 ], 0 ], 6, [ 7, 3 ] ]
[
  5,
  [ 3, 1, 1, 7 ],
  [ [ 9, 7 ], 10, 5, [] ],
  [ 3, 9, [ 2 ], [ 4, 2, 10, 5, 2 ], 5 ]
]
4
5
[ [ 5, 1, 3, 4, 9 ], 0 ]
[ 3, 1, 1, 7 ]
[ 5, 1, 3, 4, 9 ]
3
[
   5,  8, 11, 12, 27, 29,
  38, 41, 46, 51, 59, 63,
  76, 77, 78
]
************************************
packet 1:  [
  [],
  [ [ 2, 1, 5 ] ],
  [ [ 4 ], 4, 5, [ 3, [], [], 9, 2 ], [ [Array], [Array] ] ],
  [ 1 ]
]
packet 2:  [ [ 9, [], [ [Array] ] ], [ [ 3, 8, 4 ], [], 9 ] ]
[
   5,  8, 11, 12, 27, 29,
  38, 41, 46, 51, 59, 63,
  76, 77, 78
]
************************************
packet 1:  [
  [],
  [],
  [],
  [ 6, [ [Array], 5 ], 10, [ 3, 3, [], [Array], [Array] ], 5 ],
  []
]
packet 2:  [
  [ [ [Array], [Array], [] ], 4, 8 ],
  [ 1, 7 ],
  [ 5, [ 6 ], 10 ],
  [ [ [Array], [Array], [Array] ], [ [Array], 6 ] ],
  [ [ 6, 1, [Array] ] ]
]
[]
[ [ [ 2, 4, 5 ], [ 8, 9, 1, 9 ], [] ], 4, 8 ]
[
   5,  8, 11, 12, 27, 29,
  38, 41, 46, 51, 59, 63,
  76, 77, 78, 81
]
************************************
packet 1:  [ [ 2, 9, 4, [ [Array], 6 ] ], [ [], [], 9, 10 ] ]
packet 2:  [
  [ [ [Array], [Array] ] ],
  [ [ 2, 7 ] ],
  [ [ [Array], 7, [Array] ], [ 6 ], [ [Array] ], [] ],
  [
    7,
    [ [], 10, [Array], 9 ],
    [ 10, 7, [Array], 1 ],
    4,
    [ 7, 1, [Array], 8 ]
  ]
]
[ 2, 9, 4, [ [ 10 ], 6 ] ]
[ [ [ 5, 3, 3, 9 ], [ 3, 5, 7, 6 ] ] ]
[
   5,  8, 11, 12, 27, 29,
  38, 41, 46, 51, 59, 63,
  76, 77, 78, 81
]
************************************
packet 1:  [
  [ [ [Array], [Array], 5 ], [ [Array] ], 6 ],
  [ [], [ 4, 7 ] ],
  [ [ [Array], [Array], 7 ], 10, [ [Array], 5 ], 3 ]
]
packet 2:  [ [], [ 7 ], [], [ 5, 0, 5, [ [Array] ], 1 ] ]
[ [ [ 3, 2, 5, 5 ], [ 10, 10, 3, 9 ], 5 ], [ [ 9, 10, 6 ] ], 6 ]
[]
[
   5,  8, 11, 12, 27, 29,
  38, 41, 46, 51, 59, 63,
  76, 77, 78, 81
]
************************************
packet 1:  [
  [
    [ 6, [], 8, [Array], [Array] ],
    [ 0, 4 ],
    [ 5, 5, 7, [Array], [] ],
    [ [Array], 2 ],
    [ [Array], 3, 4, [Array] ]
  ],
  [ 5, [ 4 ], [ [], 7 ], 6 ],
  [ [ [], 9, 8 ], [ [], 2, 8, [], [Array] ], 3, [ 7 ] ],
  [ 1, [ 6, [], 8 ], 3, 5, [ [], [Array], 9, 3 ] ],
  [ [], 2 ]
]
packet 2:  [ [], [ [ [Array], 7 ] ] ]
[
   5,  8, 11, 12, 27, 29,
  38, 41, 46, 51, 59, 63,
  76, 77, 78, 81
]
************************************
packet 1:  [
  [ 2 ],
  [ 0, [ [Array], [Array], 6 ] ],
  [ 5, [ [Array], 3, 8, 8 ], 5, 3 ],
  []
]
packet 2:  [
  [ 0, 2 ],
  [],
  [ [ 5 ], [ 5, 4 ], [ [Array], [], [Array], [Array], 1 ], 6, 1 ]
]
[
   5,  8, 11, 12, 27, 29,
  38, 41, 46, 51, 59, 63,
  76, 77, 78, 81
]
************************************
packet 1:  [ [ [ 3, 9, 1, 8 ], 0 ], [ 6, 5, 4 ], [] ]
packet 2:  [
  [ [ [Array] ], [ 10, [Array] ] ],
  [ [ [Array], 4, 9, 6, 2 ] ],
  [ [ [Array], 6, [], 6, [Array] ], [ [] ], [ 10, [Array], 8 ] ],
  []
]
[ [ 3, 9, 1, 8 ], 0 ]
[ [ [ 8, 0, 7, 5, 0 ] ], [ 10, [ 10, 9, 8 ] ] ]
[ 3, 9, 1, 8 ]
[ [ 8, 0, 7, 5, 0 ] ]
[
   5,  8, 11, 12, 27, 29,
  38, 41, 46, 51, 59, 63,
  76, 77, 78, 81
]
************************************
packet 1:  [
  [ 9, [ 6, [Array], 10 ], [ 7, [], [], 8 ], [] ],
  [ 2 ],
  [ 7, 5, 10, [ [Array], 4, 3, 8, 0 ], [ 6, [Array] ] ],
  [ 6, [], [ [Array], 10, [Array], 1 ] ],
  [ 9, 5, 0, [ 10, [Array], [], 4 ], [ 5, 1 ] ]
]
packet 2:  [ [ 5, 2 ], [ [], [], [ 1, 3 ] ] ]
[
   5,  8, 11, 12, 27, 29,
  38, 41, 46, 51, 59, 63,
  76, 77, 78, 81
]
************************************
packet 1:  [ [ 8, 0 ], [ [ [Array] ] ] ]
packet 2:  [ [ [ [Array], 1, 9 ], [], 3, [ 3 ], [ [], 3, 10 ] ] ]
[
   5,  8, 11, 12, 27, 29,
  38, 41, 46, 51, 59, 63,
  76, 77, 78, 81
]
************************************
packet 1:  [ [ 2, 7, [ [Array], 0, 2 ], 10 ] ]
packet 2:  [
  [ 0 ],
  [
    [ [Array], [Array], 5, [] ],
    [ [Array], 5 ],
    [ [], [Array], [Array], [], 8 ]
  ],
  [ [ [Array], [Array], 3, [Array] ], [], [ [Array], 10, 3 ] ]
]
[ 2, 7, [ [ 0, 9, 3, 5 ], 0, 2 ], 10 ]
[ 0 ]
[
   5,  8, 11, 12, 27, 29,
  38, 41, 46, 51, 59, 63,
  76, 77, 78, 81
]
************************************
packet 1:  [
  [ [ 4 ], [ [], 4, [Array], 1 ], 6 ],
  [ 8, 6, [] ],
  [ [ 8 ], 5, [ 4, [Array], [Array] ], [ [Array], [Array] ] ],
  []
]
packet 2:  [
  [],
  [ [ 5 ], [ [Array], 5, 9, 5, 6 ], 9 ],
  [ [ [Array] ], [ 9, [], [Array], 1, [Array] ], 9 ],
  [ 5 ]
]
[ [ 4 ], [ [], 4, [ 8, 3, 1, 9 ], 1 ], 6 ]
[]
[
   5,  8, 11, 12, 27, 29,
  38, 41, 46, 51, 59, 63,
  76, 77, 78, 81
]
************************************
packet 1:  [ [ [], 9, [ 5 ] ], [ [ 5, [Array], 9 ] ], [ [ [Array] ], 2, [] ] ]
packet 2:  [
  [ [ 8, 10, [Array] ], [ [Array], 5 ], 6 ],
  [ [], 3 ],
  [ 6, [ [Array] ], [ [Array], 6, 9, [], [Array] ] ]
]
[ [], 9, [ 5 ] ]
[ [ 8, 10, [ 7, 0 ] ], [ [ 6, 6 ], 5 ], 6 ]
[]
[ 8, 10, [ 7, 0 ] ]
[
   5,  8, 11, 12, 27, 29, 38,
  41, 46, 51, 59, 63, 76, 77,
  78, 81, 91
]
************************************
packet 1:  [
  [
    [ [Array], [Array], [Array], [Array] ],
    [ 3, 8, 4, [Array], [Array] ]
  ],
  [],
  [ 4, [ 0 ] ]
]
packet 2:  [
  [ 3, [], [ 10, 3 ], [ 3, 9 ] ],
  [ [ [Array], 9 ] ],
  [ [ 10, 1, [Array] ], 0, [], [ 10, [Array], 0 ], [ 1, 8 ] ],
  [ 0, 6, 0, 8 ]
]
[
  [ [ 1, 4 ], [ 4, 1, 7, 9 ], [ 7, 0, 10 ], [ 8, 4, 4 ] ],
  [ 3, 8, 4, [ 8, 4, 6, 3 ], [ 3, 1, 2 ] ]
]
[ 3, [], [ 10, 3 ], [ 3, 9 ] ]
[ [ 1, 4 ], [ 4, 1, 7, 9 ], [ 7, 0, 10 ], [ 8, 4, 4 ] ]
3
[
   5,  8, 11, 12, 27, 29, 38,
  41, 46, 51, 59, 63, 76, 77,
  78, 81, 91
]
************************************
packet 1:  [
  [ 2, 9, [ [Array] ] ],
  [ 4, [ [Array], 8 ] ],
  [
    [ 4, 6, [Array], [Array] ],
    4,
    8,
    [ [Array] ],
    [ [Array], 2, 6, 1, [] ]
  ],
  [ 10, 7, 5, 2 ],
  [ [], [ 10, [Array], 5, 7 ], 2 ]
]
packet 2:  [ [ 2, 7, [ 5, 1, [Array] ], 3 ] ]
[
   5,  8, 11, 12, 27, 29, 38,
  41, 46, 51, 59, 63, 76, 77,
  78, 81, 91
]
************************************
packet 1:  [ [ 3, [], [ [], [Array], [Array], [Array] ], 8, 0 ], [] ]
packet 2:  [ [ [], [ 6, 5, 10 ] ], [], [ 7, [ [Array], [Array], 8 ], 6, 7 ] ]
[ 3, [], [ [], [ 1, 2, 6, 7 ], [ 6, 7, 6, 7 ], [ 10 ] ], 8, 0 ]
[ [], [ 6, 5, 10 ] ]
[
   5,  8, 11, 12, 27, 29, 38,
  41, 46, 51, 59, 63, 76, 77,
  78, 81, 91
]
************************************
packet 1:  [ [ 5 ], [] ]
packet 2:  [ [ 4, 6, 9, 7 ], [], [], [], [ [ [Array], [Array], 5 ], 6, [] ] ]
[ 5 ]
[ 4, 6, 9, 7 ]
5
4
[
   5,  8, 11, 12, 27, 29, 38,
  41, 46, 51, 59, 63, 76, 77,
  78, 81, 91
]
************************************
packet 1:  [ [ 6, 10, [ 3 ] ], [ 10, [], [ 1, 4 ] ], [] ]
packet 2:  [ [ [ 1, 5, [Array], 1, 0 ], 4 ] ]
[
   5,  8, 11, 12, 27, 29, 38,
  41, 46, 51, 59, 63, 76, 77,
  78, 81, 91
]
************************************
packet 1:  [ [ 2, [ [Array], 6, [Array] ] ] ]
packet 2:  [ [ 6, 5, 3 ], [ 7, [ [], 10, [], 6 ], 0, 8, [ 4 ] ] ]
[ 2, [ [ 3, 10, 5, 1, 1 ], 6, [ 2 ] ] ]
[ 6, 5, 3 ]
2
6
[ [ 3, 10, 5, 1, 1 ], 6, [ 2 ] ]
5
[
   5,  8, 11, 12, 27, 29, 38,
  41, 46, 51, 59, 63, 76, 77,
  78, 81, 91
]
************************************
packet 1:  [
  [ [], 3, [ 3, [Array], [Array], [Array] ], [], 6 ],
  [ 4, 3, [ [Array], 9, [Array], 3, 1 ], 3, 6 ],
  [ 6, [ 2, 4, 6 ] ],
  []
]
packet 2:  [
  [],
  [ 8, 2, 7 ],
  [ 1, 4, [ [Array] ], [ [Array], [Array], 10 ] ],
  [ 9, [ [Array], [], [Array] ], 9 ],
  [ [ 6, [Array], 7 ], [ 2 ], [ 0, 10 ], 9 ]
]
[ [], 3, [ 3, [ 4, 0, 4, 6 ], [ 6 ], [ 5, 10 ] ], [], 6 ]
[]
[
   5,  8, 11, 12, 27, 29, 38,
  41, 46, 51, 59, 63, 76, 77,
  78, 81, 91
]
************************************
packet 1:  [
  [
    [ 3, 0, 1 ],
    [],
    [ [Array], 8 ],
    1,
    [ [], 6, 8, [Array], [Array] ]
  ],
  [],
  [ [ [Array], 6, 7, 0 ], [ [Array], 4, 9, 1, 8 ], 3, 2 ],
  [ 7, [ 8, 0, 5 ] ],
  []
]
packet 2:  [
  [ 10, 7, 5, [ 9, [Array], 0, [Array] ] ],
  [ [ [Array], 7, 6 ], 0, 4, 9, [ 1, [Array] ] ],
  [ [], 1, [ 3, [Array] ], [], [ [Array] ] ]
]
[
   5,  8, 11, 12, 27, 29, 38,
  41, 46, 51, 59, 63, 76, 77,
  78, 81, 91
]
************************************
packet 1:  [
  [ 0, [ 10, [Array] ], [ 7, [Array], 3, [Array], 0 ], 4 ],
  [ [ [Array], [Array], 4 ], 0 ],
  []
]
packet 2:  [
  [ 0 ],
  [ [ [Array], 6, [Array] ], [ [Array], 1 ] ],
  [ [ 2, 2 ], [ [] ], 2, 0, [] ]
]
[
  0,
  [ 10, [ 3, 6 ] ],
  [ 7, [ 1, 7, 7, 7, 2 ], 3, [ 9, 7, 0, 2 ], 0 ],
  4
]
[ 0 ]
[
   5,  8, 11, 12, 27, 29, 38,
  41, 46, 51, 59, 63, 76, 77,
  78, 81, 91
]
************************************
packet 1:  [ [ [], [ [Array], 8 ], 5 ], [ 4, 1, 7, 3 ], [] ]
packet 2:  [
  [ [], [ 10, 5, 1, 6 ], [ 10, [], 8, [Array] ], [ [Array] ] ],
  [ 10 ],
  [ [ [Array], 1, 3 ] ],
  []
]
[ [], [ [ 6, 10, 4, 10 ], 8 ], 5 ]
[ [], [ 10, 5, 1, 6 ], [ 10, [], 8, [ 0, 9, 7 ] ], [ [ 4, 0 ] ] ]
[]
[]
[
   5,  8, 11,  12, 27, 29, 38,
  41, 46, 51,  59, 63, 76, 77,
  78, 81, 91, 101
]
************************************
packet 1:  [
  [ 8, [ [Array], [Array], 5, 5, [Array] ], 0, 0 ],
  [
    [ 1, [Array], [] ],
    [ [] ],
    [ [Array], [Array], [Array], [Array], 2 ],
    [ 7, [Array] ],
    [ 5, 0, 5 ]
  ],
  [ 1, [], 1, [ [] ] ]
]
packet 2:  [ [ [ [], 4 ], 9, [ [Array], [], 1 ], [ [Array], 7, [Array] ], 8 ] ]
[
   5,  8, 11,  12, 27, 29, 38,
  41, 46, 51,  59, 63, 76, 77,
  78, 81, 91, 101
]
************************************
packet 1:  [
  [ 6, 6, [ 4 ], [ [Array], 10 ], [ 4 ] ],
  [ 0 ],
  [ [ 3, [], [Array], 10, 3 ], [ 10 ], 3, 5, 9 ],
  [
    [ 8, 7, 5, [Array], [Array] ],
    4,
    0,
    [ [Array], [Array], [Array] ]
  ],
  [ 6, [ [Array], [Array], [Array] ] ]
]
packet 2:  [ [ [ 3, 4 ] ] ]
[
   5,  8, 11,  12, 27, 29, 38,
  41, 46, 51,  59, 63, 76, 77,
  78, 81, 91, 101
]
************************************
packet 1:  [
  [],
  [ [ 5, [Array], 2, 4, 10 ], [ [Array], 6, [Array], [Array] ] ],
  []
]
packet 2:  [
  [ [ [Array] ], 10, [ 3, 5 ], 9 ],
  [ [], 8, [ [Array], 4, [] ], 0 ],
  [ 2, 2 ],
  []
]
[]
[ [ [ 2, 3, 2, 9 ] ], 10, [ 3, 5 ], 9 ]
[
   5,  8, 11,  12,  27, 29, 38,
  41, 46, 51,  59,  63, 76, 77,
  78, 81, 91, 101, 104
]
************************************
packet 1:  [
  [ 6, [ [Array], 2, 1, [Array], [Array] ], 0, [ 1, [], [Array] ], 10 ],
  [],
  [ 3, [ 4, [Array] ], 6 ],
  [ [ 8, [Array], 4, [Array], [Array] ], [] ],
  [ [ 8, 6, [Array], [Array] ], [ [Array] ], 4, [ [Array] ] ]
]
packet 2:  [
  [ 0, 1, [ [Array], [Array], 4, [Array] ] ],
  [ 6, 0, [ 6, 4, [], 9 ], [ [Array] ] ],
  [ 9, 4, 2, [ 3, [Array], 1, [Array], [Array] ] ],
  [
    0,
    [ [Array], [Array], 9, 9 ],
    [ 3, [Array], 5, [Array] ],
    [ [Array], 2 ],
    4
  ]
]
[
   5,  8, 11,  12,  27, 29, 38,
  41, 46, 51,  59,  63, 76, 77,
  78, 81, 91, 101, 104
]
************************************
packet 1:  [
  [],
  [
    [],
    [ [Array], 3 ],
    7,
    [ [Array], [Array], 4, [Array], 9 ],
    [ 8, [Array] ]
  ]
]
packet 2:  [ [ 8 ], [ 4, 0 ], [ 1, 1, 5 ] ]
[]
[ 8 ]
[
   5,  8, 11,  12,  27,  29, 38,
  41, 46, 51,  59,  63,  76, 77,
  78, 81, 91, 101, 104, 106
]
************************************
packet 1:  [
  [ 4 ],
  [ [ 10 ], [ [Array], [] ], 1, [], [ 7, [Array], [Array], [Array] ] ]
]
packet 2:  [ [ 5, [ 1 ], [] ], [], [ [ 2 ] ], [ 0 ] ]
[ 4 ]
[ 5, [ 1 ], [] ]
4
5
[
   5,  8, 11,  12,  27,  29,  38,
  41, 46, 51,  59,  63,  76,  77,
  78, 81, 91, 101, 104, 106, 107
]
************************************
packet 1:  [
  [ 3 ],
  [ [ [Array], 4, [Array], 2, [Array] ], 4, [ [Array] ] ],
  [ 5, 8, [ [Array], 8, [], [Array] ], 6, 9 ],
  [],
  []
]
packet 2:  [
  [ [ [Array], 5, [Array], 8, 6 ], 0, 7, [ [Array], [], 4, 2 ] ],
  [ 0, [ [Array], [Array], [Array], 2, [Array] ] ],
  [
    [ [Array], [Array], 9 ],
    [ 9 ],
    [ 9, 9, [Array], [Array] ],
    [ [Array], 10 ],
    [ 4 ]
  ],
  [],
  [ [ [Array], 7, 7 ], 8, 0, [ 2 ] ]
]
[ 3 ]
[
  [ [ 8 ], 5, [ 10, 0, 10, 7 ], 8, 6 ],
  0,
  7,
  [ [ 2, 0, 7, 0 ], [], 4, 2 ]
]
3
[ [ 8 ], 5, [ 10, 0, 10, 7 ], 8, 6 ]
3
[ 8 ]
3
8
[
    5,  8, 11,  12,  27,  29,  38,
   41, 46, 51,  59,  63,  76,  77,
   78, 81, 91, 101, 104, 106, 107,
  108
]
************************************
packet 1:  [
  [ [], [ 0, 5, [], 1, 5 ], [ [Array], [], [Array] ], 7, 3 ],
  [ [ 9 ] ],
  [ [ [Array], 7, [Array] ], [ [Array] ], 2 ],
  [ [ [Array], [Array], [], [Array] ] ]
]
packet 2:  [
  [],
  [ [ 6, [Array], 4 ], 1, [ [Array], [Array], [Array], [] ], 0, 2 ],
  [ 6, [ [Array] ], 9, [ 2 ], 5 ],
  [ [], [ [Array], 0, 2, [Array], 10 ], 1, 7, 9 ]
]
[ [], [ 0, 5, [], 1, 5 ], [ [ 4, 9, 7, 4 ], [], [ 6, 2 ] ], 7, 3 ]
[]
[
    5,  8, 11,  12,  27,  29,  38,
   41, 46, 51,  59,  63,  76,  77,
   78, 81, 91, 101, 104, 106, 107,
  108
]
************************************
packet 1:  [
  [ 4 ],
  [
    [ [], 0, [Array], 10, [Array] ],
    9,
    [ [Array], 0, [], 4, 0 ],
    [],
    6
  ]
]
packet 2:  [ [], [ 0, [ [Array], 3, 9, 8 ] ] ]
[ 4 ]
[]
[
    5,  8, 11,  12,  27,  29,  38,
   41, 46, 51,  59,  63,  76,  77,
   78, 81, 91, 101, 104, 106, 107,
  108
]
************************************
packet 1:  [
  [],
  [ 4, 9 ],
  [ [ 8, [Array], 4, 6, [Array] ], [ [], 6, 0, 10 ], 7 ],
  [ 0, [ [Array], [], 7 ], 7, [ 1, 5, 9, 0, 8 ] ]
]
packet 2:  [ [ [ 4, [Array] ], 3, [ [Array], [], 3 ] ], [], [ 4, 4, 2, 0, 7 ] ]
[
    5,  8, 11,  12,  27,  29,  38,
   41, 46, 51,  59,  63,  76,  77,
   78, 81, 91, 101, 104, 106, 107,
  108
]
************************************
packet 1:  [
  [ 4, [ [Array], [Array] ], 5, 5, [] ],
  [],
  [ [ 0, [Array], [Array] ], 7, 1, [ 10, [Array], 3 ] ],
  [ [ 5 ] ]
]
packet 2:  [ [ 7, 2, 2, 6 ], [ [ 8, 10 ], 10, 0, [ [] ] ] ]
[
    5,  8, 11,  12,  27,  29,  38,
   41, 46, 51,  59,  63,  76,  77,
   78, 81, 91, 101, 104, 106, 107,
  108
]
************************************
packet 1:  [
  [ [ 8, [] ], 3, 3, [ 6, [Array], [Array], [Array] ], 9 ],
  [ [], 5, [ 1 ], [ [Array], [Array], 2, [Array], [] ] ]
]
packet 2:  [ [ 3, 10, [ 10, [Array] ] ] ]
[
    5,  8, 11,  12,  27,  29,  38,
   41, 46, 51,  59,  63,  76,  77,
   78, 81, 91, 101, 104, 106, 107,
  108
]
************************************
packet 1:  [
  [
    [ [], 9, [Array], 5, [Array] ],
    [],
    [ [Array], [Array], [Array], [Array] ],
    [ [Array], [Array], 8 ],
    [ 1, [Array], 3, 7, [Array] ]
  ]
]
packet 2:  [
  [ 2, 7, [ 10, [Array] ], 7, [ [Array], 6 ] ],
  [ 1 ],
  [ 7, 4, 2, [ [] ], 5 ],
  [
    [ [Array] ],
    [ [], 2, 6, [Array], [Array] ],
    [ [Array], [Array], 3, 2, 6 ]
  ],
  [
    [ 3, [Array], [Array], [Array] ],
    [ [Array], [Array], 8 ],
    9,
    [ 9 ],
    4
  ]
]
[
  [ [], 9, [ 8, 8, 2, 6, 8 ], 5, [ 5, 9, 0, 6, 4 ] ],
  [],
  [ [ 1, 1, 7, 3, 4 ], [ 2 ], [ 8, 3, 2, 5, 9 ], [ 1, 4 ] ],
  [ [ 2, 2, 6 ], [ 2, 8, 9, 0 ], 8 ],
  [ 1, [ 3 ], 3, 7, [ 7, 10 ] ]
]
[ 2, 7, [ 10, [ 7 ] ], 7, [ [ 1, 3, 10, 8, 8 ], 6 ] ]
[ [], 9, [ 8, 8, 2, 6, 8 ], 5, [ 5, 9, 0, 6, 4 ] ]
2
[
    5,  8, 11,  12,  27,  29,  38,
   41, 46, 51,  59,  63,  76,  77,
   78, 81, 91, 101, 104, 106, 107,
  108
]
************************************
packet 1:  [
  [ 9, [] ],
  [ [ 6, 0 ], [] ],
  [ [ 8, [Array], [] ], [ 0, [Array], 10 ], 7, 4 ],
  [ 7, 1 ]
]
packet 2:  [ [ 5, 0 ], [ 3, 2, 6, [] ] ]
[
    5,  8, 11,  12,  27,  29,  38,
   41, 46, 51,  59,  63,  76,  77,
   78, 81, 91, 101, 104, 106, 107,
  108
]
************************************
packet 1:  [ [ [ 0, [Array], 5, [], 1 ], 0 ] ]
packet 2:  [
  [ [ [Array] ], [ [Array] ], 7, 4, [ 3, 5, [] ] ],
  [],
  [ [ 4, 8, [Array] ], 1, [ [Array], 0, [Array], 6, [Array] ] ],
  [ 2 ],
  [ [ [Array] ], [ [Array], [Array] ], 10, 4, 3 ]
]
[ [ 0, [ 3, 0, 0, 1, 8 ], 5, [], 1 ], 0 ]
[ [ [ 6 ] ], [ [ 10, 3, 5, 10 ] ], 7, 4, [ 3, 5, [] ] ]
[ 0, [ 3, 0, 0, 1, 8 ], 5, [], 1 ]
[ [ 6 ] ]
[
    5,  8, 11,  12,  27,  29,  38,
   41, 46, 51,  59,  63,  76,  77,
   78, 81, 91, 101, 104, 106, 107,
  108
]
************************************
packet 1:  [
  [ [ 9, 2, 10, 1 ], [], 9 ],
  [ [ [Array], [Array], 8, 8 ], [ [], 9, 5 ], 6 ]
]
packet 2:  [
  [ 10, [ 6, [Array] ], [ [Array], 3, 3, 7, [Array] ], [ [] ], [ 4 ] ],
  [ [ [] ], [ 6, 8, 6, 7 ], 4 ],
  [ 8, 1, 7 ],
  [ 9, [ 10, 5 ], 4 ],
  [ 5, 4, [] ]
]
[ [ 9, 2, 10, 1 ], [], 9 ]
[
  10,
  [ 6, [ 7, 1, 5, 8 ] ],
  [ [ 0, 0 ], 3, 3, 7, [ 0, 9, 6 ] ],
  [ [] ],
  [ 4 ]
]
[ 9, 2, 10, 1 ]
10
[
    5,  8, 11,  12,  27,  29,  38,
   41, 46, 51,  59,  63,  76,  77,
   78, 81, 91, 101, 104, 106, 107,
  108
]
************************************
packet 1:  [
  [ 4, [ [Array], 8, [Array], 10, 6 ] ],
  [ 6 ],
  [ [ [Array], 6, 4, [Array], 0 ], [ 2, [Array], [Array] ], 4 ]
]
packet 2:  [
  [ [ 1, 2 ], [ [Array] ], 8, [ [], 5, 2, 9 ] ],
  [ [ 8 ], [ [Array] ] ],
  [ [ 6, [], [] ], 1, [ 5, 9 ] ]
]
[ 4, [ [ 9, 5 ], 8, [ 4, 7 ], 10, 6 ] ]
[ [ 1, 2 ], [ [ 6, 3 ] ], 8, [ [], 5, 2, 9 ] ]
4
[ 1, 2 ]
4
1
[
    5,  8, 11,  12,  27,  29,  38,
   41, 46, 51,  59,  63,  76,  77,
   78, 81, 91, 101, 104, 106, 107,
  108
]
************************************
packet 1:  [
  [ 10, 2, [], [ [Array], [Array] ], 1 ],
  [ 4, [ [Array], 1, 7, [Array], [Array] ], [ [Array] ] ],
  [ [ [Array] ] ],
  [ [ [Array], 5 ], 3, [] ],
  [
    [ 6, 9, 8, [] ],
    [ 0, [], [Array], [Array] ],
    [ 8, 2, 7, [Array] ],
    4,
    [ [Array] ]
  ]
]
packet 2:  [
  [
    [ [Array], [Array], 0, [Array], [Array] ],
    0,
    [ [] ],
    6,
    [ 9, 3, [Array], [Array], [Array] ]
  ]
]
[
    5,  8, 11,  12,  27,  29,  38,
   41, 46, 51,  59,  63,  76,  77,
   78, 81, 91, 101, 104, 106, 107,
  108
]
************************************
packet 1:  [
  [ [ 3 ], 1, 3 ],
  [ 5, [ 4 ], 7, 1, 5 ],
  [],
  [
    8,
    [ [Array], 6, 1, [Array], 9 ],
    10,
    [ [], [Array], [Array], [Array] ],
    1
  ],
  [ 1, [ 2, 3, [Array] ], 1 ]
]
packet 2:  [ [ [ 0, [Array] ], [ [Array], [], [Array] ], 5, 5, 0 ], [ 10 ], [] ]
[
    5,  8, 11,  12,  27,  29,  38,
   41, 46, 51,  59,  63,  76,  77,
   78, 81, 91, 101, 104, 106, 107,
  108
]
************************************
packet 1:  [
  [ [ [Array] ] ],
  [ 5 ],
  [ 4, 2, [] ],
  [ [ [Array], 8, 9, [Array] ], 1, 1 ],
  [ [] ]
]
packet 2:  [
  [ [], [ 10, 1, 3, 5, [Array] ], [], [], [ 10, 6 ] ],
  [ [ 0, 9, [Array], [Array] ], 8, [ [Array], [], [Array] ] ],
  [],
  [ 9, 4, 9, [ 7, 4, 5, 8 ] ]
]
[
    5,  8, 11,  12,  27,  29,  38,
   41, 46, 51,  59,  63,  76,  77,
   78, 81, 91, 101, 104, 106, 107,
  108
]
************************************
packet 1:  [ [ 4, 9, 6, 9, [] ], [ 3, 1, 9 ], [ [ 1, 7, 0 ] ] ]
packet 2:  [
  [ 9, [ 7, [Array], 2, 8, [Array] ], 5, 0 ],
  [],
  [ [ 9 ] ],
  [],
  [ [ [Array], 1, 2, [Array] ] ]
]
[ 4, 9, 6, 9, [] ]
[ 9, [ 7, [ 1, 3, 2, 6 ], 2, 8, [ 5, 7, 6, 8 ] ], 5, 0 ]
[
    5,  8, 11,  12,  27,  29,  38,
   41, 46, 51,  59,  63,  76,  77,
   78, 81, 91, 101, 104, 106, 107,
  108
]
************************************
packet 1:  [ [ [ [Array], 5, [Array] ], 1 ], [ 8, [ [Array], [Array] ], 2 ] ]
packet 2:  [
  [ 4, [ [Array] ], [ [Array], 2 ], [ 10, 4 ] ],
  [ 2, 8 ],
  [],
  [ 10, 10, [] ],
  []
]
[ [ [ 4 ], 5, [ 2, 0, 0, 9, 3 ] ], 1 ]
[ 4, [ [ 6, 8, 6, 1, 0 ] ], [ [ 7, 5, 8, 2, 3 ], 2 ], [ 10, 4 ] ]
[ [ 4 ], 5, [ 2, 0, 0, 9, 3 ] ]
4
[
    5,  8, 11,  12,  27,  29,  38,
   41, 46, 51,  59,  63,  76,  77,
   78, 81, 91, 101, 104, 106, 107,
  108
]
************************************
packet 1:  [ [], [ 1, 0, 4 ], [ 0, [ 3, 7, 8 ] ] ]
packet 2:  [
  [ [], [ [Array], [], [] ] ],
  [],
  [
    [ 3, [] ],
    [ [Array], [Array], [Array], [], 10 ],
    8,
    [ [Array] ],
    [ [Array] ]
  ]
]
[]
[ [], [ [ 0, 2, 8 ], [], [] ] ]
[
    5,   8, 11,  12,  27,  29,  38,
   41,  46, 51,  59,  63,  76,  77,
   78,  81, 91, 101, 104, 106, 107,
  108, 124
]
************************************
packet 1:  [
  [ [ [Array] ], 0, [ [], [Array], 10 ] ],
  [ 5, [ 1, 9, 7, [Array] ], [] ],
  [ [ 9, 6, 8, 6 ], 1, 10, [ [Array], 9 ] ],
  [ [ [Array], 6, 7 ], 2, [ [Array] ] ],
  [ [ 10, 2, [Array], [Array], [Array] ], 3 ]
]
packet 2:  [
  [
    4,
    [ 2, [Array], [Array], [], 6 ],
    [],
    [ [Array], [Array], [], 1, [Array] ],
    3
  ],
  [ 2, [ [Array] ], 4, 2 ],
  [ [], 5, [ [Array], [Array], [Array] ], [ 10, 1 ] ]
]
[
    5,   8, 11,  12,  27,  29,  38,
   41,  46, 51,  59,  63,  76,  77,
   78,  81, 91, 101, 104, 106, 107,
  108, 124
]
************************************
packet 1:  [
  [ [ 9, [Array], 1 ], 8, [ [Array] ], [ 7, [Array], 5 ], 2 ],
  [ [ [Array], [] ], 10, [ [Array] ], [ 4, [Array], [Array] ], [] ],
  [ 6, [ 6 ] ]
]
packet 2:  [
  [ [ 1, 5, [Array], 6 ], [ 6, [Array], 10, 8 ], 3, [ 3 ] ],
  [ [ 0, [Array], [Array], 2 ], [ [Array], [Array], [] ] ]
]
[
    5,   8, 11,  12,  27,  29,  38,
   41,  46, 51,  59,  63,  76,  77,
   78,  81, 91, 101, 104, 106, 107,
  108, 124
]
************************************
packet 1:  [
  [ 4, [ 0, 4 ], 7, 0 ],
  [ [ [Array], [Array], 3 ], 1, 7, 5 ],
  [ [ 4 ] ]
]
packet 2:  [ [ 4, 8, [ 7, 7, [] ] ] ]
[
    5,   8, 11,  12,  27,  29,  38,
   41,  46, 51,  59,  63,  76,  77,
   78,  81, 91, 101, 104, 106, 107,
  108, 124
]
************************************
packet 1:  [ [], [ [ 5, 8, [Array] ], [ [Array], [Array], 2, [Array], 3 ], 1 ] ]
packet 2:  [ [ 3, 5, [ [Array] ] ], [], [ 1 ], [ [ [], 3, 3, [Array] ] ] ]
[]
[ 3, 5, [ [ 4, 9, 0 ] ] ]
[
    5,   8,  11,  12,  27,  29,  38,
   41,  46,  51,  59,  63,  76,  77,
   78,  81,  91, 101, 104, 106, 107,
  108, 124, 128
]
************************************
packet 1:  [
  [ 3, 8, [ 7, 6, 2, 2, 0 ], [ 4, 0 ] ],
  [ 0, [ 4, [Array], [Array], 6 ], 3 ],
  [ [ [Array], [Array] ], 4, [ [Array], [Array], 10, [Array] ], 4 ]
]
packet 2:  [ [ 10, 3 ] ]
[
    5,   8,  11,  12,  27,  29,  38,
   41,  46,  51,  59,  63,  76,  77,
   78,  81,  91, 101, 104, 106, 107,
  108, 124, 128
]
************************************
packet 1:  [
  [ 3, 5, 7 ],
  [ 5, [ [Array], [Array] ], 10, 1 ],
  [ [], 4, 10, [ 1, [Array], [Array], 7, 1 ], [ 7 ] ]
]
packet 2:  [ [ 0 ], [] ]
[
    5,   8,  11,  12,  27,  29,  38,
   41,  46,  51,  59,  63,  76,  77,
   78,  81,  91, 101, 104, 106, 107,
  108, 124, 128
]
************************************
packet 1:  [
  [ [], [ 8, 10, 7, 5 ], [ [], 0, [], 10 ] ],
  [],
  [ 2, 2, 6, 0 ],
  [ [], 7, 0, [ [], 1 ] ],
  [ [ 5 ], 0, [ [Array], [Array], 9 ], 2 ]
]
packet 2:  [ [ 4, 0, 7, [ [], 1, 10, 9 ] ], [] ]
[
    5,   8,  11,  12,  27,  29,  38,
   41,  46,  51,  59,  63,  76,  77,
   78,  81,  91, 101, 104, 106, 107,
  108, 124, 128
]
************************************
packet 1:  [ [ 8, [ [], 10, 8, [] ] ] ]
packet 2:  [ [], [] ]
[ 8, [ [], 10, 8, [] ] ]
[]
[
    5,   8,  11,  12,  27,  29,  38,
   41,  46,  51,  59,  63,  76,  77,
   78,  81,  91, 101, 104, 106, 107,
  108, 124, 128
]
************************************
packet 1:  [
  [ [ [Array], 9, [Array] ], 7, [ [], 3, [] ], 9 ],
  [ 1, 5, [ [Array], [] ] ],
  [ 1, [ [Array], [Array], [Array], 0, [Array] ] ]
]
packet 2:  [ [ 3, [ 9 ] ], [ 1 ] ]
[
    5,   8,  11,  12,  27,  29,  38,
   41,  46,  51,  59,  63,  76,  77,
   78,  81,  91, 101, 104, 106, 107,
  108, 124, 128
]
************************************
packet 1:  [
  [ 8, [ [Array], 0, 5, [Array], [] ], 10 ],
  [ 5, [ [], 4 ], [ 3 ] ],
  [ 6, [], [ [Array], 8, 6 ], [ [Array], 7, 9, 10 ] ],
  [ [], [ 0, [Array], 0, [Array], [] ], [ [Array] ] ],
  [ 5 ]
]
packet 2:  [ [ [ [] ], 8 ], [ 0, 0 ] ]
[
    5,   8,  11,  12,  27,  29,  38,
   41,  46,  51,  59,  63,  76,  77,
   78,  81,  91, 101, 104, 106, 107,
  108, 124, 128
]
************************************
packet 1:  [ 7, 1, 1, 7, 9 ]
packet 2:  [ 7, 1, 1, 7 ]
[
    5,   8,  11,  12,  27,  29,  38,
   41,  46,  51,  59,  63,  76,  77,
   78,  81,  91, 101, 104, 106, 107,
  108, 124, 128
]
************************************
packet 1:  [ [ 7, 2 ], [] ]
packet 2:  [
  [ 1, [ 1, [Array], [Array], 8 ] ],
  [ 6, 9, 0, [] ],
  [ 9, 1, [] ],
  [ 6, [ 8, [Array], 10, [], 9 ] ],
  [ 8, [ 9 ] ]
]
[ 7, 2 ]
[ 1, [ 1, [ 3, 7, 9 ], [ 4 ], 8 ] ]
7
1
[
    5,   8,  11,  12,  27,  29,  38,
   41,  46,  51,  59,  63,  76,  77,
   78,  81,  91, 101, 104, 106, 107,
  108, 124, 128
]
************************************
packet 1:  [ [ 10 ], [] ]
packet 2:  [ [ 4, 9, 2, 7 ] ]
[
    5,   8,  11,  12,  27,  29,  38,
   41,  46,  51,  59,  63,  76,  77,
   78,  81,  91, 101, 104, 106, 107,
  108, 124, 128
]
************************************
packet 1:  [ [ [ [Array], [Array] ], 3, 1, 7 ] ]
packet 2:  [
  [ 2, [ [Array], [Array] ], [ [Array], [Array], 7, 9, 10 ], 10, 2 ],
  [ 9, 2, [ [Array], 0, 7 ], 1, [ 7 ] ]
]
[ [ [ 3 ], [ 1, 7, 4 ] ], 3, 1, 7 ]
[
  2,
  [ [ 2, 2, 6 ], [ 8, 2, 9, 4 ] ],
  [ [ 10, 8, 7, 6, 10 ], [ 2, 0, 4, 2 ], 7, 9, 10 ],
  10,
  2
]
[ [ 3 ], [ 1, 7, 4 ] ]
2
[
    5,   8,  11,  12,  27,  29,  38,
   41,  46,  51,  59,  63,  76,  77,
   78,  81,  91, 101, 104, 106, 107,
  108, 124, 128
]
************************************
packet 1:  [ [ [ 10 ] ] ]
packet 2:  [ [ [ [Array], [Array], [], [] ] ], [ [ [Array] ], 6 ] ]
[ [ 10 ] ]
[ [ [ 6, 4, 4, 3 ], [ 6, 0, 3, 9, 5 ], [], [] ] ]
[ 10 ]
[ [ 6, 4, 4, 3 ], [ 6, 0, 3, 9, 5 ], [], [] ]
10
[ 6, 4, 4, 3 ]
10
6
[
    5,   8,  11,  12,  27,  29,  38,
   41,  46,  51,  59,  63,  76,  77,
   78,  81,  91, 101, 104, 106, 107,
  108, 124, 128
]
************************************
packet 1:  [ [], [ 10, 0, 6, 6 ], [], [] ]
packet 2:  [ [ 8, 3, 7 ], [ [ [Array] ] ], [] ]
[
    5,   8,  11,  12,  27,  29,  38,
   41,  46,  51,  59,  63,  76,  77,
   78,  81,  91, 101, 104, 106, 107,
  108, 124, 128
]
************************************
packet 1:  [
  [ [ [Array], [Array] ], [ 4, 4 ] ],
  [ [ [Array], [Array], 2, [Array], [Array] ], 7 ],
  [ 7, [ [Array], 8 ] ],
  [ [ [Array], 0 ] ]
]
packet 2:  [
  [ [ [Array] ] ],
  [ [ 2, 7 ], 1, [ 1, 3, [Array] ], 9, [ [Array] ] ],
  [ [ 10 ], 0, 2, [ 4 ] ],
  [
    [ 3, [Array], 8, 0 ],
    [ 7 ],
    [ 9, [], 4 ],
    [ 3, 10, 8, [Array], [Array] ]
  ]
]
[ [ [ 10, 2, 7, 9, 2 ], [ 2, 2 ] ], [ 4, 4 ] ]
[ [ [ 0, 0, 1, 9, 10 ] ] ]
[
    5,   8,  11,  12,  27,  29,  38,
   41,  46,  51,  59,  63,  76,  77,
   78,  81,  91, 101, 104, 106, 107,
  108, 124, 128
]
************************************
packet 1:  [
  [ [ 2, 0, 1 ], [ [Array] ], 10, 6 ],
  [ [ 10, [Array], 2, 6 ], [ 4, 9, 5, [] ], 1 ],
  [
    [ [Array], [Array] ],
    [ 1, 9, 2, [Array] ],
    [ [Array], [Array], 1 ]
  ]
]
packet 2:  [
  [ [ 8 ], [ [], [Array], 1, 1 ], 1, 2, [ 8, 2, 3 ] ],
  [ [ 2, [Array], [Array], [], [Array] ], [ 7, 4, 4 ], 5, 9, 0 ]
]
[
    5,   8,  11,  12,  27,  29,  38,
   41,  46,  51,  59,  63,  76,  77,
   78,  81,  91, 101, 104, 106, 107,
  108, 124, 128
]
************************************
packet 1:  [ [ 3, 2, [ [Array], 2, [Array], [Array] ], 3 ] ]
packet 2:  [
  [ [ 7 ] ],
  [ [ [Array], 1, 8, [Array], [Array] ], 8, 8 ],
  [ [ 7, [Array], 0 ] ],
  [ 1, 5, 9 ],
  [ 0, 7, 4, 4 ]
]
[ 3, 2, [ [ 7, 5, 3, 1, 10 ], 2, [ 10, 7, 1 ], [ 9, 0, 1 ] ], 3 ]
[ [ 7 ] ]
[
    5,   8,  11,  12,  27,  29,  38,
   41,  46,  51,  59,  63,  76,  77,
   78,  81,  91, 101, 104, 106, 107,
  108, 124, 128
]
************************************
packet 1:  [ [ [ [Array], 5, 9, 3, [Array] ], 6, 3, 9, [ 10, 9, 7 ] ], [] ]
packet 2:  [ [ [ [], 8, 4, [Array] ] ], [ 0, [ 0, 3 ], 4, 5, [ [], 7 ] ] ]
[ [ [ 2, 5 ], 5, 9, 3, [ 7 ] ], 6, 3, 9, [ 10, 9, 7 ] ]
[ [ [], 8, 4, [ 5, 8, 9, 10 ] ] ]
[
    5,   8,  11,  12,  27,  29,  38,
   41,  46,  51,  59,  63,  76,  77,
   78,  81,  91, 101, 104, 106, 107,
  108, 124, 128
]
************************************
packet 1:  [
  [ 8, 0 ],
  [ [], 4 ],
  [
    [ [Array], [], [Array], 4 ],
    10,
    [ [Array], 4 ],
    0,
    [ 5, [Array], 7, [Array] ]
  ]
]
packet 2:  [
  [ 5 ],
  [
    [ 7, 9, [Array], [Array] ],
    [ [Array], [Array] ],
    [ 6, [Array], 6, 5, [Array] ],
    [ 8, [Array] ]
  ],
  [ [ [] ] ],
  [ [ [Array], [Array] ], 2, [], 9, [] ]
]
[ 8, 0 ]
[ 5 ]
[
    5,   8,  11,  12,  27,  29,  38,
   41,  46,  51,  59,  63,  76,  77,
   78,  81,  91, 101, 104, 106, 107,
  108, 124, 128
]
************************************
packet 1:  [
  [
    8,
    [ [Array], 9 ],
    [ [Array], 10, [Array], 8 ],
    5,
    [ 8, 7, 7, [Array], 4 ]
  ],
  [ 2, 9, [ 2, 2, 9, [Array] ], 3 ],
  []
]
packet 2:  [
  [ [ 8 ], [ [Array], 5, 6 ], 0, [ [Array], 7, 6 ] ],
  [ [ 8, 5, 2, 8 ] ],
  []
]
[
  8,
  [ [ 7, 0, 6, 5 ], 9 ],
  [ [ 7, 10 ], 10, [ 9, 7 ], 8 ],
  5,
  [ 8, 7, 7, [ 2, 5, 2, 10 ], 4 ]
]
[ [ 8 ], [ [ 0, 3, 3 ], 5, 6 ], 0, [ [ 9, 4, 8, 4, 8 ], 7, 6 ] ]
[
    5,   8,  11,  12,  27,  29,  38,
   41,  46,  51,  59,  63,  76,  77,
   78,  81,  91, 101, 104, 106, 107,
  108, 124, 128
]
************************************
packet 1:  [ [ 7, [ 10, [Array] ], [], [ 6, [], 8, [Array] ] ] ]
packet 2:  [ [ 7, 6 ] ]
[ 7, [ 10, [ 10 ] ], [], [ 6, [], 8, [ 0, 10 ] ] ]
[ 7, 6 ]
[
    5,   8,  11,  12,  27,  29,  38,
   41,  46,  51,  59,  63,  76,  77,
   78,  81,  91, 101, 104, 106, 107,
  108, 124, 128
]
************************************
packet 1:  [ [ [ 1, 3, 10, [Array] ], 9 ], [] ]
packet 2:  [ [ [ 6, 9, 7 ], [ 1, 1 ], [ 8, 3, 9 ] ] ]
[
    5,   8,  11,  12,  27,  29,  38,
   41,  46,  51,  59,  63,  76,  77,
   78,  81,  91, 101, 104, 106, 107,
  108, 124, 128
]
************************************
packet 1:  [
  [ 5, 9, 1, [ 8 ] ],
  [ 7, [], [ 4 ], 1, 10 ],
  [ 10 ],
  [ 9, [ [Array], 7, 3, [Array], [Array] ], [] ]
]
packet 2:  [ [ 2, 8, [], 5 ], [ 4 ] ]
[
    5,   8,  11,  12,  27,  29,  38,
   41,  46,  51,  59,  63,  76,  77,
   78,  81,  91, 101, 104, 106, 107,
  108, 124, 128
]
************************************
packet 1:  [
  [ [ 5, 9 ], 8 ],
  [
    [ 8, 9, [Array] ],
    8,
    [ [Array], 3, [Array] ],
    5,
    [ [Array], [], 2, 10 ]
  ],
  [ 1, 9, 8, 7, 3 ],
  [ 9, 2, [ 2, 10, [Array], 0 ], [ [], 3, [Array], 6, [Array] ], [] ],
  [ 5, [ [], [Array], [Array] ] ]
]
packet 2:  [
  [
    6,
    [ 5, 4, 3, 8, 3 ],
    [ 0, [Array], [], [Array] ],
    [ [Array], 0, 1, [Array], 6 ]
  ],
  [ [ 6, [], 5, 1 ], 10 ],
  [ 0 ],
  [ [], 8 ]
]
[
    5,   8,  11,  12,  27,  29,  38,
   41,  46,  51,  59,  63,  76,  77,
   78,  81,  91, 101, 104, 106, 107,
  108, 124, 128
]
Right order indices sum:  1571
