18 4
16 11
2 15
14 14
20 12
17 16
7 10
0 4
11 2
14 22
20 19
7 18
3 16
1 22
7
1
3
4
4
5
9
10
3
8
6
5
1
7
[
  [
    '#', '#', '#', '#', 'S', '#', '', '',
    '',  '',  '',  '#', '',  '',  '', '',
    '#', '#', '#', '#', '#', '',  '', '',
    '',  '',  '',  '',  '',  ''
  ],
  [
    '#', '#', '#', '#', '#', '#', '#',
    '',  '',  '',  '#', '#', '#', '',
    '',  '#', '#', '#', '#', '#', '#',
    '#', 'S', '',  '',  '',  '',  '',
    '',  ''
  ],
  [
    '#', '#', '#', '#', '#', '#', '#',
    '#', '',  '#', '#', '#', '#', '#',
    '#', 'S', '#', '#', '#', '#', '#',
    '#', '#', '',  '',  '',  '',  '',
    '',  ''
  ],
  [
    '#', '#', '#', '#', '#', '#', '#',
    '#', '#', '',  '#', '#', '#', '#',
    '#', '#', 'S', 'B', '#', '#', '#',
    '#', '#', '#', '',  '',  '',  '',
    '',  ''
  ],
  [
    '#', '#', '#', '#', '#', '#', '#',
    '#', '#', '#', '',  '#', '#', '#',
    '#', '#', '#', '#', '#', '#', '#',
    '#', '#', '#', '#', '',  '',  '',
    '',  ''
  ],
  [
    '#', '#', '#', '#', '#', '#', '#',
    '#', '#', '#', '#', '',  '',  '#',
    '#', '#', '#', '#', '#', '#', '#',
    '#', '#', '#', '',  '',  '',  '',
    '',  ''
  ],
  [
    '#', '#', '#', '#', '#', '#', '#',
    '#', '#', '#', '#', '#', '',  '',
    '#', '#', '#', '#', '#', '#', '#',
    '#', '#', '',  '',  '',  '',  '',
    '',  ''
  ],
  [
    '#', '#', '#', '#', '#', '#', '#',
    '#', '#', '#', 'S', '#', '#', '',
    '',  '#', '#', '#', 'S', '#', '#',
    '#', '',  '',  '',  '',  '',  '',
    '',  ''
  ],
  [
    '#', '#', '#', '#', '#', '#', '#',
    '#', '#', '#', '#', '#', '#', '#',
    '',  '',  '#', '#', '#', '#', '#',
    '',  '',  '',  '',  '',  '',  '',
    '',  ''
  ],
  [
    '#', '#', '#', '#', '#', '#', '#',
    '#', '#', '#', '#', '#', '#', '#',
    '#', '',  '',  '#', '#', '#', '#',
    '',  '',  '',  '',  '',  '',  '',
    '',  ''
  ],
  [
    '#', '#', '#', '#', 'B', '#', '#',
    '#', '#', '#', '#', '#', '#', '#',
    '#', '#', '',  '',  '#', '#', '#',
    '#', '',  '',  '',  '',  '',  '',
    '',  ''
  ],
  [
    '#', '#', 'S', '#', '#', '#', '#',
    '#', '#', '#', '#', '#', '#', '#',
    '#', '',  '#', '',  '#', '#', '#',
    '#', '#', '',  '',  '',  '',  '',
    '',  ''
  ],
  [
    '#', '#', '#', '#', '#', '#', '#',
    '#', '#', '#', '#', '#', '#', '#',
    '#', '#', '',  '#', '#', '#', '#',
    '#', '#', '#', '',  '',  '',  '',
    '',  ''
  ],
  [
    '#', '',  '#', '#', '#', '#', '#',
    '#', '#', '#', '#', '#', '#', '#',
    '#', '#', '#', '#', '#', '#', '#',
    '#', '#', '',  '',  '',  '',  '',
    '',  ''
  ],
  [
    '',  '#', '#', '#', '#', '#', '#',
    '#', '#', '#', '#', '#', '#', '#',
    'S', '#', '#', '#', '#', '#', '#',
    '#', 'S', '',  '',  '',  '',  '',
    '',  ''
  ],
  [
    'B', '#', '#', '#', '#', '#', '#',
    '#', '#', '#', '#', '',  '#', '#',
    '#', '#', '#', '#', '#', '#', '#',
    '#', '',  '',  '',  '',  '',  '',
    '',  ''
  ],
  [
    '',  '#', '#', '#', '',  '#', '#',
    '#', '#', '#', '',  'S', 'B', '#',
    '#', '#', '#', '#', '#', '#', '#',
    '#', '#', '',  '',  '',  '',  '',
    '',  ''
  ],
  [
    '#', '#', '#', '',  '#', '#', '#',
    '#', '#', '#', '#', '',  '#', '#',
    '#', '#', 'S', '#', '#', '#', '#',
    '#', '#', '#', '',  '',  '',  'B',
    '',  ''
  ],
  [
    '#', '#', '#', '#', 'S', '#', '#',
    '#', '#', '#', '#', '#', '#', '#',
    '#', '#', '#', '#', '#', '#', '#',
    '#', '#', '#', '#', '',  '',  '',
    '',  ''
  ],
  [
    '#', '#', '#', '#', '#', '#', '#',
    '#', '#', '#', '#', '#', '#', '#',
    '#', '#', '#', '#', '#', '#', '#',
    '#', '#', '#', '#', '#', '',  '',
    '',  ''
  ],
  [
    '#', '#', '#', '#', '#', '#', '#',
    '#', '#', '#', '#', '#', 'S', '#',
    '#', '#', '#', '#', '#', 'S', '#',
    '#', '#', '#', '#', '',  '',  '',
    '',  ''
  ],
  [
    '#', '#', '#', '#', '#', '#', '#',
    '#', '#', '#', '#', '#', '#', '#',
    '#', '#', '#', '#', '#', '#', '#',
    '#', '#', '#', '',  '',  '',  '',
    '',  ''
  ],
  [
    '#', '#', '#', '#', '#', '#', '#',
    '#', '#', '#', '#', '#', '#', '#',
    '#', '#', '#', '#', '#', '#', '#',
    '#', '#', 'B', '',  '',  '',  '',
    '',  ''
  ],
  [
    '#', '#', '#', '#', '#', '#', '#',
    '',  '#', '#', '#', '#', '#', '#',
    '#', '#', '#', '#', '#', '#', '#',
    '#', '',  '',  '',  '',  '',  '',
    '',  ''
  ],
  [
    '#', '#', '#', '#', '#', '#', '',
    '',  '',  '#', '#', '#', '#', '#',
    '#', '#', '#', '#', '#', '#', '#',
    '',  '',  '',  '',  '',  '',  '',
    '',  ''
  ],
  [
    '#', '#', '#', '#', '#', '',  '',  '',
    '',  '',  '#', '#', '#', '#', '#', '#',
    '#', '#', '#', '',  '',  '',  '',  '',
    '',  '',  '',  '',  '',  ''
  ],
  [
    '#', '#', '#', '#', '',  '',  '',  '',
    '',  '',  '',  '#', '#', '#', '#', '#',
    '#', '#', '',  '',  '',  '',  '',  '',
    '',  '',  '',  '',  '',  ''
  ],
  [
    '#', '#', '#', '', '',  '',  '',  '',
    '',  '',  '',  '', '#', '#', '#', '#',
    '#', '',  '',  '', '',  '',  '',  '',
    '',  '',  '',  '', '',  ''
  ],
  [
    '', '#', '', '', '', '',  '',  '',
    '', '',  '', '', '', '#', '#', '#',
    '', '',  '', '', '', '',  '',  '',
    '', '',  '', '', '', ''
  ],
  [
    '', '', '', '', '', '',  '', '', '',
    '', '', '', '', '', '#', '', '', '',
    '', '', '', '', '', '',  '', '', '',
    '', '', ''
  ]
]
